This file contains any messages produced by compilers while
running configure, to aid debugging if configure makes a mistake.

It was created by expect configure 5.45, which was
generated by GNU Autoconf 2.59.  Invocation command line was

  $ ./configure --with-tclinclude=/root/no_ssh_cluster/expect/tcl8.4.19/generic/ --with-tclconfig=/usr/local/lib/

## --------- ##
## Platform. ##
## --------- ##

hostname = WBMt7PDd
uname -m = x86_64
uname -r = 5.4.0-89-generic
uname -s = Linux
uname -v = #100-Ubuntu SMP Fri Sep 24 14:50:10 UTC 2021

/usr/bin/uname -p = x86_64
/bin/uname -X     = unknown

/bin/arch              = x86_64
/usr/bin/arch -k       = unknown
/usr/convex/getsysinfo = unknown
hostinfo               = unknown
/bin/machine           = unknown
/usr/bin/oslevel       = unknown
/bin/universe          = unknown

PATH: /opt/kube/bin
PATH: /usr/local/sbin
PATH: /usr/local/bin
PATH: /usr/sbin
PATH: /usr/bin
PATH: /sbin
PATH: /bin
PATH: /usr/games
PATH: /usr/local/games
PATH: /snap/bin


## ----------- ##
## Core tests. ##
## ----------- ##

configure:1328: checking for correct TEA configuration
configure:1347: result: ok (TEA 3.9)
configure:1412: configuring expect 5.45
configure:1486: checking for Tcl configuration
configure:1613: result: found /usr/local/lib/tclConfig.sh
configure:1619: checking for existence of /usr/local/lib/tclConfig.sh
configure:1623: result: loading
configure:1749: --prefix defaulting to TCL_PREFIX /usr/local
configure:1761: --exec-prefix defaulting to TCL_EXEC_PREFIX /usr/local
configure:1835: checking for gcc
configure:1851: found /usr/bin/gcc
configure:1861: result: gcc
configure:2105: checking for C compiler version
configure:2108: gcc --version </dev/null >&5
gcc (Ubuntu 9.3.0-17ubuntu1~20.04) 9.3.0
Copyright (C) 2019 Free Software Foundation, Inc.
This is free software; see the source for copying conditions.  There is NO
warranty; not even for MERCHANTABILITY or FITNESS FOR A PARTICULAR PURPOSE.

configure:2111: $? = 0
configure:2113: gcc -v </dev/null >&5
Using built-in specs.
COLLECT_GCC=gcc
COLLECT_LTO_WRAPPER=/usr/lib/gcc/x86_64-linux-gnu/9/lto-wrapper
OFFLOAD_TARGET_NAMES=nvptx-none:hsa
OFFLOAD_TARGET_DEFAULT=1
Target: x86_64-linux-gnu
Configured with: ../src/configure -v --with-pkgversion='Ubuntu 9.3.0-17ubuntu1~20.04' --with-bugurl=file:///usr/share/doc/gcc-9/README.Bugs --enable-languages=c,ada,c++,go,brig,d,fortran,objc,obj-c++,gm2 --prefix=/usr --with-gcc-major-version-only --program-suffix=-9 --program-prefix=x86_64-linux-gnu- --enable-shared --enable-linker-build-id --libexecdir=/usr/lib --without-included-gettext --enable-threads=posix --libdir=/usr/lib --enable-nls --enable-clocale=gnu --enable-libstdcxx-debug --enable-libstdcxx-time=yes --with-default-libstdcxx-abi=new --enable-gnu-unique-object --disable-vtable-verify --enable-plugin --enable-default-pie --with-system-zlib --with-target-system-zlib=auto --enable-objc-gc=auto --enable-multiarch --disable-werror --with-arch-32=i686 --with-abi=m64 --with-multilib-list=m32,m64,mx32 --enable-multilib --with-tune=generic --enable-offload-targets=nvptx-none=/build/gcc-9-HskZEa/gcc-9-9.3.0/debian/tmp-nvptx/usr,hsa --without-cuda-driver --enable-checking=release --build=x86_64-linux-gnu --host=x86_64-linux-gnu --target=x86_64-linux-gnu
Thread model: posix
gcc version 9.3.0 (Ubuntu 9.3.0-17ubuntu1~20.04) 
configure:2116: $? = 0
configure:2118: gcc -V </dev/null >&5
gcc: error: unrecognized command line option '-V'
gcc: fatal error: no input files
compilation terminated.
configure:2121: $? = 1
configure:2144: checking for C compiler default output file name
configure:2147: gcc    conftest.c  >&5
configure:2150: $? = 0
configure:2196: result: a.out
configure:2201: checking whether the C compiler works
configure:2207: ./a.out
configure:2210: $? = 0
configure:2227: result: yes
configure:2234: checking whether we are cross compiling
configure:2236: result: no
configure:2239: checking for suffix of executables
configure:2241: gcc -o conftest    conftest.c  >&5
configure:2244: $? = 0
configure:2269: result: 
configure:2275: checking for suffix of object files
configure:2296: gcc -c   conftest.c >&5
configure:2299: $? = 0
configure:2321: result: o
configure:2325: checking whether we are using the GNU C compiler
configure:2349: gcc -c   conftest.c >&5
configure:2355: $? = 0
configure:2359: test -z 
			 || test ! -s conftest.err
configure:2362: $? = 0
configure:2365: test -s conftest.o
configure:2368: $? = 0
configure:2381: result: yes
configure:2387: checking whether gcc accepts -g
configure:2408: gcc -c -g  conftest.c >&5
configure:2414: $? = 0
configure:2418: test -z 
			 || test ! -s conftest.err
configure:2421: $? = 0
configure:2424: test -s conftest.o
configure:2427: $? = 0
configure:2438: result: yes
configure:2455: checking for gcc option to accept ANSI C
configure:2525: gcc  -c   conftest.c >&5
configure:2531: $? = 0
configure:2535: test -z 
			 || test ! -s conftest.err
configure:2538: $? = 0
configure:2541: test -s conftest.o
configure:2544: $? = 0
configure:2562: result: none needed
configure:2580: gcc -c   conftest.c >&5
conftest.c:2:3: error: unknown type name 'choke'
    2 |   choke me
      |   ^~~~~
conftest.c:2:3: error: expected '=', ',', ';', 'asm' or '__attribute__' at end of input
configure:2586: $? = 1
configure: failed program was:
| #ifndef __cplusplus
|   choke me
| #endif
configure:2724: checking how to run the C preprocessor
configure:2759: gcc -E  conftest.c
configure:2765: $? = 0
configure:2797: gcc -E  conftest.c
conftest.c:10:10: fatal error: ac_nonexistent.h: No such file or directory
   10 | #include <ac_nonexistent.h>
      |          ^~~~~~~~~~~~~~~~~~
compilation terminated.
configure:2803: $? = 1
configure: failed program was:
| /* confdefs.h.  */
| 
| #define PACKAGE_NAME "expect"
| #define PACKAGE_TARNAME "expect"
| #define PACKAGE_VERSION "5.45"
| #define PACKAGE_STRING "expect 5.45"
| #define PACKAGE_BUGREPORT ""
| #define BUILD_expect
| /* end confdefs.h.  */
| #include <ac_nonexistent.h>
configure:2842: result: gcc -E
configure:2866: gcc -E  conftest.c
configure:2872: $? = 0
configure:2904: gcc -E  conftest.c
conftest.c:10:10: fatal error: ac_nonexistent.h: No such file or directory
   10 | #include <ac_nonexistent.h>
      |          ^~~~~~~~~~~~~~~~~~
compilation terminated.
configure:2910: $? = 1
configure: failed program was:
| /* confdefs.h.  */
| 
| #define PACKAGE_NAME "expect"
| #define PACKAGE_TARNAME "expect"
| #define PACKAGE_VERSION "5.45"
| #define PACKAGE_STRING "expect 5.45"
| #define PACKAGE_BUGREPORT ""
| #define BUILD_expect
| /* end confdefs.h.  */
| #include <ac_nonexistent.h>
configure:2967: checking for a BSD-compatible install
configure:3022: result: /usr/bin/install -c
configure:3038: checking whether make sets $(MAKE)
configure:3058: result: yes
configure:3113: checking for ranlib
configure:3129: found /usr/bin/ranlib
configure:3140: result: ranlib
configure:3162: checking for egrep
configure:3172: result: grep -E
configure:3177: checking for ANSI C header files
configure:3202: gcc -c   conftest.c >&5
configure:3208: $? = 0
configure:3212: test -z 
			 || test ! -s conftest.err
configure:3215: $? = 0
configure:3218: test -s conftest.o
configure:3221: $? = 0
configure:3310: gcc -o conftest    conftest.c  >&5
conftest.c: In function 'main':
conftest.c:27:7: warning: implicit declaration of function 'exit' [-Wimplicit-function-declaration]
   27 |       exit(2);
      |       ^~~~
conftest.c:27:7: warning: incompatible implicit declaration of built-in function 'exit'
conftest.c:11:1: note: include '<stdlib.h>' or provide a declaration of 'exit'
   10 | #include <ctype.h>
  +++ |+#include <stdlib.h>
   11 | #if ((' ' & 0x0FF) == 0x020)
conftest.c:28:3: warning: incompatible implicit declaration of built-in function 'exit'
   28 |   exit (0);
      |   ^~~~
conftest.c:28:3: note: include '<stdlib.h>' or provide a declaration of 'exit'
configure:3313: $? = 0
configure:3315: ./conftest
configure:3318: $? = 0
configure:3333: result: yes
configure:3357: checking for sys/types.h
configure:3373: gcc -c   conftest.c >&5
configure:3379: $? = 0
configure:3383: test -z 
			 || test ! -s conftest.err
configure:3386: $? = 0
configure:3389: test -s conftest.o
configure:3392: $? = 0
configure:3403: result: yes
configure:3357: checking for sys/stat.h
configure:3373: gcc -c   conftest.c >&5
configure:3379: $? = 0
configure:3383: test -z 
			 || test ! -s conftest.err
configure:3386: $? = 0
configure:3389: test -s conftest.o
configure:3392: $? = 0
configure:3403: result: yes
configure:3357: checking for stdlib.h
configure:3373: gcc -c   conftest.c >&5
configure:3379: $? = 0
configure:3383: test -z 
			 || test ! -s conftest.err
configure:3386: $? = 0
configure:3389: test -s conftest.o
configure:3392: $? = 0
configure:3403: result: yes
configure:3357: checking for string.h
configure:3373: gcc -c   conftest.c >&5
configure:3379: $? = 0
configure:3383: test -z 
			 || test ! -s conftest.err
configure:3386: $? = 0
configure:3389: test -s conftest.o
configure:3392: $? = 0
configure:3403: result: yes
configure:3357: checking for memory.h
configure:3373: gcc -c   conftest.c >&5
configure:3379: $? = 0
configure:3383: test -z 
			 || test ! -s conftest.err
configure:3386: $? = 0
configure:3389: test -s conftest.o
configure:3392: $? = 0
configure:3403: result: yes
configure:3357: checking for strings.h
configure:3373: gcc -c   conftest.c >&5
configure:3379: $? = 0
configure:3383: test -z 
			 || test ! -s conftest.err
configure:3386: $? = 0
configure:3389: test -s conftest.o
configure:3392: $? = 0
configure:3403: result: yes
configure:3357: checking for inttypes.h
configure:3373: gcc -c   conftest.c >&5
configure:3379: $? = 0
configure:3383: test -z 
			 || test ! -s conftest.err
configure:3386: $? = 0
configure:3389: test -s conftest.o
configure:3392: $? = 0
configure:3403: result: yes
configure:3357: checking for stdint.h
configure:3373: gcc -c   conftest.c >&5
configure:3379: $? = 0
configure:3383: test -z 
			 || test ! -s conftest.err
configure:3386: $? = 0
configure:3389: test -s conftest.o
configure:3392: $? = 0
configure:3403: result: yes
configure:3357: checking for unistd.h
configure:3373: gcc -c   conftest.c >&5
configure:3379: $? = 0
configure:3383: test -z 
			 || test ! -s conftest.err
configure:3386: $? = 0
configure:3389: test -s conftest.o
configure:3392: $? = 0
configure:3403: result: yes
configure:3425: checking if the compiler understands -pipe
configure:3448: gcc -c  -pipe  conftest.c >&5
configure:3454: $? = 0
configure:3458: test -z 
			 || test ! -s conftest.err
configure:3461: $? = 0
configure:3464: test -s conftest.o
configure:3467: $? = 0
configure:3479: result: yes
configure:3490: checking whether byte ordering is bigendian
configure:3517: gcc -c  -pipe  conftest.c >&5
configure:3523: $? = 0
configure:3527: test -z 
			 || test ! -s conftest.err
configure:3530: $? = 0
configure:3533: test -s conftest.o
configure:3536: $? = 0
configure:3560: gcc -c  -pipe  conftest.c >&5
conftest.c: In function 'main':
conftest.c:27:2: error: unknown type name 'not'; did you mean 'ino_t'?
   27 |  not big endian
      |  ^~~
      |  ino_t
conftest.c:27:10: error: expected '=', ',', ';', 'asm' or '__attribute__' before 'endian'
   27 |  not big endian
      |          ^~~~~~
configure:3566: $? = 1
configure: failed program was:
| /* confdefs.h.  */
| 
| #define PACKAGE_NAME "expect"
| #define PACKAGE_TARNAME "expect"
| #define PACKAGE_VERSION "5.45"
| #define PACKAGE_STRING "expect 5.45"
| #define PACKAGE_BUGREPORT ""
| #define BUILD_expect
| #define STDC_HEADERS 1
| #define HAVE_SYS_TYPES_H 1
| #define HAVE_SYS_STAT_H 1
| #define HAVE_STDLIB_H 1
| #define HAVE_STRING_H 1
| #define HAVE_MEMORY_H 1
| #define HAVE_STRINGS_H 1
| #define HAVE_INTTYPES_H 1
| #define HAVE_STDINT_H 1
| #define HAVE_UNISTD_H 1
| /* end confdefs.h.  */
| #include <sys/types.h>
| #include <sys/param.h>
| 
| int
| main ()
| {
| #if BYTE_ORDER != BIG_ENDIAN
|  not big endian
| #endif
| 
|   ;
|   return 0;
| }
configure:3701: result: no
configure:3729: checking for sin
configure:3786: gcc -o conftest  -pipe   conftest.c  >&5
conftest.c:44:6: warning: conflicting types for built-in function 'sin'; expected 'double(double)' [-Wbuiltin-declaration-mismatch]
   44 | char sin ();
      |      ^~~
conftest.c:31:1: note: 'sin' is declared in header '<math.h>'
   30 | # include <limits.h>
   31 | #else
/usr/bin/ld: /tmp/ccd6thPk.o: in function `main':
conftest.c:(.text+0x12): undefined reference to `sin'
/usr/bin/ld: /tmp/ccd6thPk.o:(.data.rel+0x0): undefined reference to `sin'
collect2: error: ld returned 1 exit status
configure:3792: $? = 1
configure: failed program was:
| /* confdefs.h.  */
| 
| #define PACKAGE_NAME "expect"
| #define PACKAGE_TARNAME "expect"
| #define PACKAGE_VERSION "5.45"
| #define PACKAGE_STRING "expect 5.45"
| #define PACKAGE_BUGREPORT ""
| #define BUILD_expect
| #define STDC_HEADERS 1
| #define HAVE_SYS_TYPES_H 1
| #define HAVE_SYS_STAT_H 1
| #define HAVE_STDLIB_H 1
| #define HAVE_STRING_H 1
| #define HAVE_MEMORY_H 1
| #define HAVE_STRINGS_H 1
| #define HAVE_INTTYPES_H 1
| #define HAVE_STDINT_H 1
| #define HAVE_UNISTD_H 1
| /* end confdefs.h.  */
| /* Define sin to an innocuous variant, in case <limits.h> declares sin.
|    For example, HP-UX 11i <limits.h> declares gettimeofday.  */
| #define sin innocuous_sin
| 
| /* System header to define __stub macros and hopefully few prototypes,
|     which can conflict with char sin (); below.
|     Prefer <limits.h> to <assert.h> if __STDC__ is defined, since
|     <limits.h> exists even on freestanding compilers.  */
| 
| #ifdef __STDC__
| # include <limits.h>
| #else
| # include <assert.h>
| #endif
| 
| #undef sin
| 
| /* Override any gcc2 internal prototype to avoid an error.  */
| #ifdef __cplusplus
| extern "C"
| {
| #endif
| /* We use char because int might match the return type of a gcc2
|    builtin and then its argument prototype would still apply.  */
| char sin ();
| /* The GNU C library defines this for functions which it implements
|     to always fail with ENOSYS.  Some functions are actually named
|     something starting with __ and the normal name is an alias.  */
| #if defined (__stub_sin) || defined (__stub___sin)
| choke me
| #else
| char (*f) () = sin;
| #endif
| #ifdef __cplusplus
| }
| #endif
| 
| int
| main ()
| {
| return f != sin;
|   ;
|   return 0;
| }
configure:3817: result: no
configure:3825: checking for main in -lieee
configure:3849: gcc -o conftest  -pipe   conftest.c -lieee   >&5
/usr/bin/ld: cannot find -lieee
collect2: error: ld returned 1 exit status
configure:3855: $? = 1
configure: failed program was:
| /* confdefs.h.  */
| 
| #define PACKAGE_NAME "expect"
| #define PACKAGE_TARNAME "expect"
| #define PACKAGE_VERSION "5.45"
| #define PACKAGE_STRING "expect 5.45"
| #define PACKAGE_BUGREPORT ""
| #define BUILD_expect
| #define STDC_HEADERS 1
| #define HAVE_SYS_TYPES_H 1
| #define HAVE_SYS_STAT_H 1
| #define HAVE_STDLIB_H 1
| #define HAVE_STRING_H 1
| #define HAVE_MEMORY_H 1
| #define HAVE_STRINGS_H 1
| #define HAVE_INTTYPES_H 1
| #define HAVE_STDINT_H 1
| #define HAVE_UNISTD_H 1
| /* end confdefs.h.  */
| 
| 
| int
| main ()
| {
| main ();
|   ;
|   return 0;
| }
configure:3881: result: no
configure:3893: checking for main in -linet
configure:3917: gcc -o conftest  -pipe   conftest.c -linet   >&5
/usr/bin/ld: cannot find -linet
collect2: error: ld returned 1 exit status
configure:3923: $? = 1
configure: failed program was:
| /* confdefs.h.  */
| 
| #define PACKAGE_NAME "expect"
| #define PACKAGE_TARNAME "expect"
| #define PACKAGE_VERSION "5.45"
| #define PACKAGE_STRING "expect 5.45"
| #define PACKAGE_BUGREPORT ""
| #define BUILD_expect
| #define STDC_HEADERS 1
| #define HAVE_SYS_TYPES_H 1
| #define HAVE_SYS_STAT_H 1
| #define HAVE_STDLIB_H 1
| #define HAVE_STRING_H 1
| #define HAVE_MEMORY_H 1
| #define HAVE_STRINGS_H 1
| #define HAVE_INTTYPES_H 1
| #define HAVE_STDINT_H 1
| #define HAVE_UNISTD_H 1
| /* end confdefs.h.  */
| 
| 
| int
| main ()
| {
| main ();
|   ;
|   return 0;
| }
configure:3949: result: no
configure:3965: checking net/errno.h usability
configure:3977: gcc -c  -pipe  conftest.c >&5
conftest.c:54:10: fatal error: net/errno.h: No such file or directory
   54 | #include <net/errno.h>
      |          ^~~~~~~~~~~~~
compilation terminated.
configure:3983: $? = 1
configure: failed program was:
| /* confdefs.h.  */
| 
| #define PACKAGE_NAME "expect"
| #define PACKAGE_TARNAME "expect"
| #define PACKAGE_VERSION "5.45"
| #define PACKAGE_STRING "expect 5.45"
| #define PACKAGE_BUGREPORT ""
| #define BUILD_expect
| #define STDC_HEADERS 1
| #define HAVE_SYS_TYPES_H 1
| #define HAVE_SYS_STAT_H 1
| #define HAVE_STDLIB_H 1
| #define HAVE_STRING_H 1
| #define HAVE_MEMORY_H 1
| #define HAVE_STRINGS_H 1
| #define HAVE_INTTYPES_H 1
| #define HAVE_STDINT_H 1
| #define HAVE_UNISTD_H 1
| /* end confdefs.h.  */
| #include <stdio.h>
| #if HAVE_SYS_TYPES_H
| # include <sys/types.h>
| #endif
| #if HAVE_SYS_STAT_H
| # include <sys/stat.h>
| #endif
| #if STDC_HEADERS
| # include <stdlib.h>
| # include <stddef.h>
| #else
| # if HAVE_STDLIB_H
| #  include <stdlib.h>
| # endif
| #endif
| #if HAVE_STRING_H
| # if !STDC_HEADERS && HAVE_MEMORY_H
| #  include <memory.h>
| # endif
| # include <string.h>
| #endif
| #if HAVE_STRINGS_H
| # include <strings.h>
| #endif
| #if HAVE_INTTYPES_H
| # include <inttypes.h>
| #else
| # if HAVE_STDINT_H
| #  include <stdint.h>
| # endif
| #endif
| #if HAVE_UNISTD_H
| # include <unistd.h>
| #endif
| #include <net/errno.h>
configure:4006: result: no
configure:4010: checking net/errno.h presence
configure:4020: gcc -E  conftest.c
conftest.c:20:10: fatal error: net/errno.h: No such file or directory
   20 | #include <net/errno.h>
      |          ^~~~~~~~~~~~~
compilation terminated.
configure:4026: $? = 1
configure: failed program was:
| /* confdefs.h.  */
| 
| #define PACKAGE_NAME "expect"
| #define PACKAGE_TARNAME "expect"
| #define PACKAGE_VERSION "5.45"
| #define PACKAGE_STRING "expect 5.45"
| #define PACKAGE_BUGREPORT ""
| #define BUILD_expect
| #define STDC_HEADERS 1
| #define HAVE_SYS_TYPES_H 1
| #define HAVE_SYS_STAT_H 1
| #define HAVE_STDLIB_H 1
| #define HAVE_STRING_H 1
| #define HAVE_MEMORY_H 1
| #define HAVE_STRINGS_H 1
| #define HAVE_INTTYPES_H 1
| #define HAVE_STDINT_H 1
| #define HAVE_UNISTD_H 1
| /* end confdefs.h.  */
| #include <net/errno.h>
configure:4046: result: no
configure:4081: checking for net/errno.h
configure:4088: result: no
configure:4122: checking for connect
configure:4179: gcc -o conftest  -pipe   conftest.c  >&5
configure:4185: $? = 0
configure:4189: test -z 
			 || test ! -s conftest.err
configure:4192: $? = 0
configure:4195: test -s conftest
configure:4198: $? = 0
configure:4210: result: yes
configure:4485: checking for gethostbyname
configure:4542: gcc -o conftest  -pipe   conftest.c  >&5
configure:4548: $? = 0
configure:4552: test -z 
			 || test ! -s conftest.err
configure:4555: $? = 0
configure:4558: test -s conftest
configure:4561: $? = 0
configure:4573: result: yes
configure:4657: checking dirent.h
configure:4698: gcc -o conftest  -pipe   conftest.c  >&5
configure:4704: $? = 0
configure:4708: test -z 
			 || test ! -s conftest.err
configure:4711: $? = 0
configure:4714: test -s conftest
configure:4717: $? = 0
configure:4729: result: yes
configure:4751: checking errno.h usability
configure:4763: gcc -c  -pipe  conftest.c >&5
configure:4769: $? = 0
configure:4773: test -z 
			 || test ! -s conftest.err
configure:4776: $? = 0
configure:4779: test -s conftest.o
configure:4782: $? = 0
configure:4792: result: yes
configure:4796: checking errno.h presence
configure:4806: gcc -E  conftest.c
configure:4812: $? = 0
configure:4832: result: yes
configure:4867: checking for errno.h
configure:4874: result: yes
configure:4899: checking float.h usability
configure:4911: gcc -c  -pipe  conftest.c >&5
configure:4917: $? = 0
configure:4921: test -z 
			 || test ! -s conftest.err
configure:4924: $? = 0
configure:4927: test -s conftest.o
configure:4930: $? = 0
configure:4940: result: yes
configure:4944: checking float.h presence
configure:4954: gcc -E  conftest.c
configure:4960: $? = 0
configure:4980: result: yes
configure:5015: checking for float.h
configure:5022: result: yes
configure:5047: checking values.h usability
configure:5059: gcc -c  -pipe  conftest.c >&5
configure:5065: $? = 0
configure:5069: test -z 
			 || test ! -s conftest.err
configure:5072: $? = 0
configure:5075: test -s conftest.o
configure:5078: $? = 0
configure:5088: result: yes
configure:5092: checking values.h presence
configure:5102: gcc -E  conftest.c
configure:5108: $? = 0
configure:5128: result: yes
configure:5163: checking for values.h
configure:5170: result: yes
configure:5195: checking limits.h usability
configure:5207: gcc -c  -pipe  conftest.c >&5
configure:5213: $? = 0
configure:5217: test -z 
			 || test ! -s conftest.err
configure:5220: $? = 0
configure:5223: test -s conftest.o
configure:5226: $? = 0
configure:5236: result: yes
configure:5240: checking limits.h presence
configure:5250: gcc -E  conftest.c
configure:5256: $? = 0
configure:5276: result: yes
configure:5311: checking for limits.h
configure:5318: result: yes
configure:5338: checking for stdlib.h
configure:5343: result: yes
configure:5540: checking for string.h
configure:5545: result: yes
configure:5739: checking sys/wait.h usability
configure:5751: gcc -c  -pipe  conftest.c >&5
configure:5757: $? = 0
configure:5761: test -z 
			 || test ! -s conftest.err
configure:5764: $? = 0
configure:5767: test -s conftest.o
configure:5770: $? = 0
configure:5780: result: yes
configure:5784: checking sys/wait.h presence
configure:5794: gcc -E  conftest.c
configure:5800: $? = 0
configure:5820: result: yes
configure:5855: checking for sys/wait.h
configure:5862: result: yes
configure:5887: checking dlfcn.h usability
configure:5899: gcc -c  -pipe  conftest.c >&5
configure:5905: $? = 0
configure:5909: test -z 
			 || test ! -s conftest.err
configure:5912: $? = 0
configure:5915: test -s conftest.o
configure:5918: $? = 0
configure:5928: result: yes
configure:5932: checking dlfcn.h presence
configure:5942: gcc -E  conftest.c
configure:5948: $? = 0
configure:5968: result: yes
configure:6003: checking for dlfcn.h
configure:6010: result: yes
configure:6041: checking sys/param.h usability
configure:6053: gcc -c  -pipe  conftest.c >&5
configure:6059: $? = 0
configure:6063: test -z 
			 || test ! -s conftest.err
configure:6066: $? = 0
configure:6069: test -s conftest.o
configure:6072: $? = 0
configure:6082: result: yes
configure:6086: checking sys/param.h presence
configure:6096: gcc -E  conftest.c
configure:6102: $? = 0
configure:6122: result: yes
configure:6157: checking for sys/param.h
configure:6164: result: yes
configure:6196: checking for Tcl public headers
configure:6271: result: /root/no_ssh_cluster/expect/tcl8.4.19/generic/
configure:6286: checking for Tcl private include files
configure:6340: result: Using srcdir found in tclConfig.sh: /root/no_ssh_cluster/expect/tcl8.4.19
configure:6412: checking for pthread_mutex_init in -lpthread
configure:6442: gcc -o conftest  -pipe   conftest.c -lpthread   >&5
configure:6448: $? = 0
configure:6452: test -z 
			 || test ! -s conftest.err
configure:6455: $? = 0
configure:6458: test -s conftest
configure:6461: $? = 0
configure:6474: result: yes
configure:6795: checking for building with threads
configure:6803: result: yes (default)
configure:6827: WARNING:
    --enable-threads requested, but building against a Tcl that is NOT
    thread-enabled.  This is an OK configuration that will also run in
    a thread-enabled core.
configure:6844: checking how to build libraries
configure:6862: result: shared
configure:6889: checking if 64bit support is requested
configure:6898: result: no
configure:6903: checking if 64bit Sparc VIS support is requested
configure:6912: result: no
configure:6923: checking if compiler supports visibility "hidden"
configure:6948: gcc -o conftest  -pipe -Werror   conftest.c  >&5
configure:6954: $? = 0
configure:6958: test -z 
			 || test ! -s conftest.err
configure:6961: $? = 0
configure:6964: test -s conftest
configure:6967: $? = 0
configure:6980: result: yes
configure:6995: checking if rpath support is requested
configure:7004: result: yes
configure:7030: checking system version
configure:7053: result: Linux-5.4.0-89-generic
configure:7092: checking for ar
configure:7108: found /usr/bin/ar
configure:7118: result: ar
configure:8953: checking for required early compiler flags
configure:8976: gcc -c  -pipe  conftest.c >&5
configure:8982: $? = 0
configure:8986: test -z 
			 || test ! -s conftest.err
configure:8989: $? = 0
configure:8992: test -s conftest.o
configure:8995: $? = 0
configure:9081: gcc -c  -pipe  conftest.c >&5
conftest.c: In function 'main':
conftest.c:31:15: error: storage size of 'buf' isn't known
   31 | struct stat64 buf; int i = stat64("/", &buf);
      |               ^~~
conftest.c:31:28: warning: implicit declaration of function 'stat64'; did you mean 'stat'? [-Wimplicit-function-declaration]
   31 | struct stat64 buf; int i = stat64("/", &buf);
      |                            ^~~~~~
      |                            stat
configure:9087: $? = 1
configure: failed program was:
| /* confdefs.h.  */
| 
| #define PACKAGE_NAME "expect"
| #define PACKAGE_TARNAME "expect"
| #define PACKAGE_VERSION "5.45"
| #define PACKAGE_STRING "expect 5.45"
| #define PACKAGE_BUGREPORT ""
| #define BUILD_expect
| #define STDC_HEADERS 1
| #define HAVE_SYS_TYPES_H 1
| #define HAVE_SYS_STAT_H 1
| #define HAVE_STDLIB_H 1
| #define HAVE_STRING_H 1
| #define HAVE_MEMORY_H 1
| #define HAVE_STRINGS_H 1
| #define HAVE_INTTYPES_H 1
| #define HAVE_STDINT_H 1
| #define HAVE_UNISTD_H 1
| #define HAVE_LIMITS_H 1
| #define HAVE_SYS_PARAM_H 1
| #define USE_THREAD_ALLOC 1
| #define _REENTRANT 1
| #define _THREAD_SAFE 1
| #define TCL_THREADS 1
| #define MODULE_SCOPE extern __attribute__((__visibility__("hidden")))
| /* end confdefs.h.  */
| #include <sys/stat.h>
| int
| main ()
| {
| struct stat64 buf; int i = stat64("/", &buf);
|   ;
|   return 0;
| }
configure:9124: gcc -c  -pipe  conftest.c >&5
configure:9130: $? = 0
configure:9134: test -z 
			 || test ! -s conftest.err
configure:9137: $? = 0
configure:9140: test -s conftest.o
configure:9143: $? = 0
configure:9186: gcc -c  -pipe  conftest.c >&5
conftest.c: In function 'main':
conftest.c:32:19: error: 'open64' undeclared (first use in this function)
   32 | char *p = (char *)open64;
      |                   ^~~~~~
conftest.c:32:19: note: each undeclared identifier is reported only once for each function it appears in
configure:9192: $? = 1
configure: failed program was:
| /* confdefs.h.  */
| 
| #define PACKAGE_NAME "expect"
| #define PACKAGE_TARNAME "expect"
| #define PACKAGE_VERSION "5.45"
| #define PACKAGE_STRING "expect 5.45"
| #define PACKAGE_BUGREPORT ""
| #define BUILD_expect
| #define STDC_HEADERS 1
| #define HAVE_SYS_TYPES_H 1
| #define HAVE_SYS_STAT_H 1
| #define HAVE_STDLIB_H 1
| #define HAVE_STRING_H 1
| #define HAVE_MEMORY_H 1
| #define HAVE_STRINGS_H 1
| #define HAVE_INTTYPES_H 1
| #define HAVE_STDINT_H 1
| #define HAVE_UNISTD_H 1
| #define HAVE_LIMITS_H 1
| #define HAVE_SYS_PARAM_H 1
| #define USE_THREAD_ALLOC 1
| #define _REENTRANT 1
| #define _THREAD_SAFE 1
| #define TCL_THREADS 1
| #define MODULE_SCOPE extern __attribute__((__visibility__("hidden")))
| #define _LARGEFILE64_SOURCE 1
| /* end confdefs.h.  */
| #include <sys/stat.h>
| int
| main ()
| {
| char *p = (char *)open64;
|   ;
|   return 0;
| }
configure:9229: gcc -c  -pipe  conftest.c >&5
conftest.c: In function 'main':
conftest.c:33:19: error: 'open64' undeclared (first use in this function)
   33 | char *p = (char *)open64;
      |                   ^~~~~~
conftest.c:33:19: note: each undeclared identifier is reported only once for each function it appears in
configure:9235: $? = 1
configure: failed program was:
| /* confdefs.h.  */
| 
| #define PACKAGE_NAME "expect"
| #define PACKAGE_TARNAME "expect"
| #define PACKAGE_VERSION "5.45"
| #define PACKAGE_STRING "expect 5.45"
| #define PACKAGE_BUGREPORT ""
| #define BUILD_expect
| #define STDC_HEADERS 1
| #define HAVE_SYS_TYPES_H 1
| #define HAVE_SYS_STAT_H 1
| #define HAVE_STDLIB_H 1
| #define HAVE_STRING_H 1
| #define HAVE_MEMORY_H 1
| #define HAVE_STRINGS_H 1
| #define HAVE_INTTYPES_H 1
| #define HAVE_STDINT_H 1
| #define HAVE_UNISTD_H 1
| #define HAVE_LIMITS_H 1
| #define HAVE_SYS_PARAM_H 1
| #define USE_THREAD_ALLOC 1
| #define _REENTRANT 1
| #define _THREAD_SAFE 1
| #define TCL_THREADS 1
| #define MODULE_SCOPE extern __attribute__((__visibility__("hidden")))
| #define _LARGEFILE64_SOURCE 1
| /* end confdefs.h.  */
| #define _LARGEFILE_SOURCE64 1
| #include <sys/stat.h>
| int
| main ()
| {
| char *p = (char *)open64;
|   ;
|   return 0;
| }
configure:9275: result:  _LARGEFILE64_SOURCE
configure:9280: checking for 64-bit integer type
configure:9304: gcc -c  -pipe  conftest.c >&5
conftest.c: In function 'main':
conftest.c:32:1: error: unknown type name '__int64'
   32 | __int64 value = (__int64) 0;
      | ^~~~~~~
conftest.c:32:18: error: '__int64' undeclared (first use in this function)
   32 | __int64 value = (__int64) 0;
      |                  ^~~~~~~
conftest.c:32:18: note: each undeclared identifier is reported only once for each function it appears in
conftest.c:32:27: error: expected ',' or ';' before numeric constant
   32 | __int64 value = (__int64) 0;
      |                           ^
configure:9310: $? = 1
configure: failed program was:
| /* confdefs.h.  */
| 
| #define PACKAGE_NAME "expect"
| #define PACKAGE_TARNAME "expect"
| #define PACKAGE_VERSION "5.45"
| #define PACKAGE_STRING "expect 5.45"
| #define PACKAGE_BUGREPORT ""
| #define BUILD_expect
| #define STDC_HEADERS 1
| #define HAVE_SYS_TYPES_H 1
| #define HAVE_SYS_STAT_H 1
| #define HAVE_STDLIB_H 1
| #define HAVE_STRING_H 1
| #define HAVE_MEMORY_H 1
| #define HAVE_STRINGS_H 1
| #define HAVE_INTTYPES_H 1
| #define HAVE_STDINT_H 1
| #define HAVE_UNISTD_H 1
| #define HAVE_LIMITS_H 1
| #define HAVE_SYS_PARAM_H 1
| #define USE_THREAD_ALLOC 1
| #define _REENTRANT 1
| #define _THREAD_SAFE 1
| #define TCL_THREADS 1
| #define MODULE_SCOPE extern __attribute__((__visibility__("hidden")))
| #define _LARGEFILE64_SOURCE 1
| /* end confdefs.h.  */
| 
| int
| main ()
| {
| __int64 value = (__int64) 0;
|   ;
|   return 0;
| }
configure:9354: gcc -c  -pipe  conftest.c >&5
conftest.c: In function 'main':
conftest.c:33:21: error: duplicate case value
   33 |             case 1: case (sizeof(long long)==sizeof(long)): ;
      |                     ^~~~
conftest.c:33:13: note: previously used here
   33 |             case 1: case (sizeof(long long)==sizeof(long)): ;
      |             ^~~~
configure:9360: $? = 1
configure: failed program was:
| /* confdefs.h.  */
| 
| #define PACKAGE_NAME "expect"
| #define PACKAGE_TARNAME "expect"
| #define PACKAGE_VERSION "5.45"
| #define PACKAGE_STRING "expect 5.45"
| #define PACKAGE_BUGREPORT ""
| #define BUILD_expect
| #define STDC_HEADERS 1
| #define HAVE_SYS_TYPES_H 1
| #define HAVE_SYS_STAT_H 1
| #define HAVE_STDLIB_H 1
| #define HAVE_STRING_H 1
| #define HAVE_MEMORY_H 1
| #define HAVE_STRINGS_H 1
| #define HAVE_INTTYPES_H 1
| #define HAVE_STDINT_H 1
| #define HAVE_UNISTD_H 1
| #define HAVE_LIMITS_H 1
| #define HAVE_SYS_PARAM_H 1
| #define USE_THREAD_ALLOC 1
| #define _REENTRANT 1
| #define _THREAD_SAFE 1
| #define TCL_THREADS 1
| #define MODULE_SCOPE extern __attribute__((__visibility__("hidden")))
| #define _LARGEFILE64_SOURCE 1
| /* end confdefs.h.  */
| 
| int
| main ()
| {
| switch (0) {
|             case 1: case (sizeof(long long)==sizeof(long)): ;
|         }
|   ;
|   return 0;
| }
configure:9390: result: using long
configure:9715: checking for build with symbols
configure:9728: result: no
configure:9796: checking sys/select.h usability
configure:9808: gcc -c  -pipe  conftest.c >&5
configure:9814: $? = 0
configure:9818: test -z 
			 || test ! -s conftest.err
configure:9821: $? = 0
configure:9824: test -s conftest.o
configure:9827: $? = 0
configure:9837: result: yes
configure:9841: checking sys/select.h presence
configure:9851: gcc -E  conftest.c
configure:9857: $? = 0
configure:9877: result: yes
configure:9912: checking for sys/select.h
configure:9919: result: yes
configure:9941: checking sys/sysmacros.h usability
configure:9953: gcc -c  -pipe  conftest.c >&5
configure:9959: $? = 0
configure:9963: test -z 
			 || test ! -s conftest.err
configure:9966: $? = 0
configure:9969: test -s conftest.o
configure:9972: $? = 0
configure:9982: result: yes
configure:9986: checking sys/sysmacros.h presence
configure:9996: gcc -E  conftest.c
configure:10002: $? = 0
configure:10022: result: yes
configure:10057: checking for sys/sysmacros.h
configure:10064: result: yes
configure:10091: checking varargs.h usability
configure:10103: gcc -c  -pipe  conftest.c >&5
In file included from conftest.c:67:
/usr/lib/gcc/x86_64-linux-gnu/9/include/varargs.h:4:2: error: #error "GCC no longer implements <varargs.h>."
    4 | #error "GCC no longer implements <varargs.h>."
      |  ^~~~~
/usr/lib/gcc/x86_64-linux-gnu/9/include/varargs.h:5:2: error: #error "Revise your code to use <stdarg.h>."
    5 | #error "Revise your code to use <stdarg.h>."
      |  ^~~~~
configure:10109: $? = 1
configure: failed program was:
| /* confdefs.h.  */
| 
| #define PACKAGE_NAME "expect"
| #define PACKAGE_TARNAME "expect"
| #define PACKAGE_VERSION "5.45"
| #define PACKAGE_STRING "expect 5.45"
| #define PACKAGE_BUGREPORT ""
| #define BUILD_expect
| #define STDC_HEADERS 1
| #define HAVE_SYS_TYPES_H 1
| #define HAVE_SYS_STAT_H 1
| #define HAVE_STDLIB_H 1
| #define HAVE_STRING_H 1
| #define HAVE_MEMORY_H 1
| #define HAVE_STRINGS_H 1
| #define HAVE_INTTYPES_H 1
| #define HAVE_STDINT_H 1
| #define HAVE_UNISTD_H 1
| #define HAVE_LIMITS_H 1
| #define HAVE_SYS_PARAM_H 1
| #define USE_THREAD_ALLOC 1
| #define _REENTRANT 1
| #define _THREAD_SAFE 1
| #define TCL_THREADS 1
| #define MODULE_SCOPE extern __attribute__((__visibility__("hidden")))
| #define _LARGEFILE64_SOURCE 1
| #define TCL_WIDE_INT_IS_LONG 1
| #define USE_TCL_STUBS 1
| #define USE_TCL_STUBS 1
| #define HAVE_SYS_SELECT_H 1
| #define HAVE_SYSMACROS_H 1
| /* end confdefs.h.  */
| #include <stdio.h>
| #if HAVE_SYS_TYPES_H
| # include <sys/types.h>
| #endif
| #if HAVE_SYS_STAT_H
| # include <sys/stat.h>
| #endif
| #if STDC_HEADERS
| # include <stdlib.h>
| # include <stddef.h>
| #else
| # if HAVE_STDLIB_H
| #  include <stdlib.h>
| # endif
| #endif
| #if HAVE_STRING_H
| # if !STDC_HEADERS && HAVE_MEMORY_H
| #  include <memory.h>
| # endif
| # include <string.h>
| #endif
| #if HAVE_STRINGS_H
| # include <strings.h>
| #endif
| #if HAVE_INTTYPES_H
| # include <inttypes.h>
| #else
| # if HAVE_STDINT_H
| #  include <stdint.h>
| # endif
| #endif
| #if HAVE_UNISTD_H
| # include <unistd.h>
| #endif
| #include <varargs.h>
configure:10132: result: no
configure:10136: checking varargs.h presence
configure:10146: gcc -E  conftest.c
In file included from conftest.c:33:
/usr/lib/gcc/x86_64-linux-gnu/9/include/varargs.h:4:2: error: #error "GCC no longer implements <varargs.h>."
    4 | #error "GCC no longer implements <varargs.h>."
      |  ^~~~~
/usr/lib/gcc/x86_64-linux-gnu/9/include/varargs.h:5:2: error: #error "Revise your code to use <stdarg.h>."
    5 | #error "Revise your code to use <stdarg.h>."
      |  ^~~~~
configure:10152: $? = 1
configure: failed program was:
| /* confdefs.h.  */
| 
| #define PACKAGE_NAME "expect"
| #define PACKAGE_TARNAME "expect"
| #define PACKAGE_VERSION "5.45"
| #define PACKAGE_STRING "expect 5.45"
| #define PACKAGE_BUGREPORT ""
| #define BUILD_expect
| #define STDC_HEADERS 1
| #define HAVE_SYS_TYPES_H 1
| #define HAVE_SYS_STAT_H 1
| #define HAVE_STDLIB_H 1
| #define HAVE_STRING_H 1
| #define HAVE_MEMORY_H 1
| #define HAVE_STRINGS_H 1
| #define HAVE_INTTYPES_H 1
| #define HAVE_STDINT_H 1
| #define HAVE_UNISTD_H 1
| #define HAVE_LIMITS_H 1
| #define HAVE_SYS_PARAM_H 1
| #define USE_THREAD_ALLOC 1
| #define _REENTRANT 1
| #define _THREAD_SAFE 1
| #define TCL_THREADS 1
| #define MODULE_SCOPE extern __attribute__((__visibility__("hidden")))
| #define _LARGEFILE64_SOURCE 1
| #define TCL_WIDE_INT_IS_LONG 1
| #define USE_TCL_STUBS 1
| #define USE_TCL_STUBS 1
| #define HAVE_SYS_SELECT_H 1
| #define HAVE_SYSMACROS_H 1
| /* end confdefs.h.  */
| #include <varargs.h>
configure:10172: result: no
configure:10207: checking for varargs.h
configure:10214: result: no
configure:10240: checking sys/stropts.h usability
configure:10252: gcc -c  -pipe  conftest.c >&5
conftest.c:67:10: fatal error: sys/stropts.h: No such file or directory
   67 | #include <sys/stropts.h>
      |          ^~~~~~~~~~~~~~~
compilation terminated.
configure:10258: $? = 1
configure: failed program was:
| /* confdefs.h.  */
| 
| #define PACKAGE_NAME "expect"
| #define PACKAGE_TARNAME "expect"
| #define PACKAGE_VERSION "5.45"
| #define PACKAGE_STRING "expect 5.45"
| #define PACKAGE_BUGREPORT ""
| #define BUILD_expect
| #define STDC_HEADERS 1
| #define HAVE_SYS_TYPES_H 1
| #define HAVE_SYS_STAT_H 1
| #define HAVE_STDLIB_H 1
| #define HAVE_STRING_H 1
| #define HAVE_MEMORY_H 1
| #define HAVE_STRINGS_H 1
| #define HAVE_INTTYPES_H 1
| #define HAVE_STDINT_H 1
| #define HAVE_UNISTD_H 1
| #define HAVE_LIMITS_H 1
| #define HAVE_SYS_PARAM_H 1
| #define USE_THREAD_ALLOC 1
| #define _REENTRANT 1
| #define _THREAD_SAFE 1
| #define TCL_THREADS 1
| #define MODULE_SCOPE extern __attribute__((__visibility__("hidden")))
| #define _LARGEFILE64_SOURCE 1
| #define TCL_WIDE_INT_IS_LONG 1
| #define USE_TCL_STUBS 1
| #define USE_TCL_STUBS 1
| #define HAVE_SYS_SELECT_H 1
| #define HAVE_SYSMACROS_H 1
| /* end confdefs.h.  */
| #include <stdio.h>
| #if HAVE_SYS_TYPES_H
| # include <sys/types.h>
| #endif
| #if HAVE_SYS_STAT_H
| # include <sys/stat.h>
| #endif
| #if STDC_HEADERS
| # include <stdlib.h>
| # include <stddef.h>
| #else
| # if HAVE_STDLIB_H
| #  include <stdlib.h>
| # endif
| #endif
| #if HAVE_STRING_H
| # if !STDC_HEADERS && HAVE_MEMORY_H
| #  include <memory.h>
| # endif
| # include <string.h>
| #endif
| #if HAVE_STRINGS_H
| # include <strings.h>
| #endif
| #if HAVE_INTTYPES_H
| # include <inttypes.h>
| #else
| # if HAVE_STDINT_H
| #  include <stdint.h>
| # endif
| #endif
| #if HAVE_UNISTD_H
| # include <unistd.h>
| #endif
| #include <sys/stropts.h>
configure:10281: result: no
configure:10285: checking sys/stropts.h presence
configure:10295: gcc -E  conftest.c
conftest.c:33:10: fatal error: sys/stropts.h: No such file or directory
   33 | #include <sys/stropts.h>
      |          ^~~~~~~~~~~~~~~
compilation terminated.
configure:10301: $? = 1
configure: failed program was:
| /* confdefs.h.  */
| 
| #define PACKAGE_NAME "expect"
| #define PACKAGE_TARNAME "expect"
| #define PACKAGE_VERSION "5.45"
| #define PACKAGE_STRING "expect 5.45"
| #define PACKAGE_BUGREPORT ""
| #define BUILD_expect
| #define STDC_HEADERS 1
| #define HAVE_SYS_TYPES_H 1
| #define HAVE_SYS_STAT_H 1
| #define HAVE_STDLIB_H 1
| #define HAVE_STRING_H 1
| #define HAVE_MEMORY_H 1
| #define HAVE_STRINGS_H 1
| #define HAVE_INTTYPES_H 1
| #define HAVE_STDINT_H 1
| #define HAVE_UNISTD_H 1
| #define HAVE_LIMITS_H 1
| #define HAVE_SYS_PARAM_H 1
| #define USE_THREAD_ALLOC 1
| #define _REENTRANT 1
| #define _THREAD_SAFE 1
| #define TCL_THREADS 1
| #define MODULE_SCOPE extern __attribute__((__visibility__("hidden")))
| #define _LARGEFILE64_SOURCE 1
| #define TCL_WIDE_INT_IS_LONG 1
| #define USE_TCL_STUBS 1
| #define USE_TCL_STUBS 1
| #define HAVE_SYS_SELECT_H 1
| #define HAVE_SYSMACROS_H 1
| /* end confdefs.h.  */
| #include <sys/stropts.h>
configure:10321: result: no
configure:10356: checking for sys/stropts.h
configure:10363: result: no
configure:10387: checking sys/sysconfig.h usability
configure:10399: gcc -c  -pipe  conftest.c >&5
conftest.c:67:10: fatal error: sys/sysconfig.h: No such file or directory
   67 | #include <sys/sysconfig.h>
      |          ^~~~~~~~~~~~~~~~~
compilation terminated.
configure:10405: $? = 1
configure: failed program was:
| /* confdefs.h.  */
| 
| #define PACKAGE_NAME "expect"
| #define PACKAGE_TARNAME "expect"
| #define PACKAGE_VERSION "5.45"
| #define PACKAGE_STRING "expect 5.45"
| #define PACKAGE_BUGREPORT ""
| #define BUILD_expect
| #define STDC_HEADERS 1
| #define HAVE_SYS_TYPES_H 1
| #define HAVE_SYS_STAT_H 1
| #define HAVE_STDLIB_H 1
| #define HAVE_STRING_H 1
| #define HAVE_MEMORY_H 1
| #define HAVE_STRINGS_H 1
| #define HAVE_INTTYPES_H 1
| #define HAVE_STDINT_H 1
| #define HAVE_UNISTD_H 1
| #define HAVE_LIMITS_H 1
| #define HAVE_SYS_PARAM_H 1
| #define USE_THREAD_ALLOC 1
| #define _REENTRANT 1
| #define _THREAD_SAFE 1
| #define TCL_THREADS 1
| #define MODULE_SCOPE extern __attribute__((__visibility__("hidden")))
| #define _LARGEFILE64_SOURCE 1
| #define TCL_WIDE_INT_IS_LONG 1
| #define USE_TCL_STUBS 1
| #define USE_TCL_STUBS 1
| #define HAVE_SYS_SELECT_H 1
| #define HAVE_SYSMACROS_H 1
| /* end confdefs.h.  */
| #include <stdio.h>
| #if HAVE_SYS_TYPES_H
| # include <sys/types.h>
| #endif
| #if HAVE_SYS_STAT_H
| # include <sys/stat.h>
| #endif
| #if STDC_HEADERS
| # include <stdlib.h>
| # include <stddef.h>
| #else
| # if HAVE_STDLIB_H
| #  include <stdlib.h>
| # endif
| #endif
| #if HAVE_STRING_H
| # if !STDC_HEADERS && HAVE_MEMORY_H
| #  include <memory.h>
| # endif
| # include <string.h>
| #endif
| #if HAVE_STRINGS_H
| # include <strings.h>
| #endif
| #if HAVE_INTTYPES_H
| # include <inttypes.h>
| #else
| # if HAVE_STDINT_H
| #  include <stdint.h>
| # endif
| #endif
| #if HAVE_UNISTD_H
| # include <unistd.h>
| #endif
| #include <sys/sysconfig.h>
configure:10428: result: no
configure:10432: checking sys/sysconfig.h presence
configure:10442: gcc -E  conftest.c
conftest.c:33:10: fatal error: sys/sysconfig.h: No such file or directory
   33 | #include <sys/sysconfig.h>
      |          ^~~~~~~~~~~~~~~~~
compilation terminated.
configure:10448: $? = 1
configure: failed program was:
| /* confdefs.h.  */
| 
| #define PACKAGE_NAME "expect"
| #define PACKAGE_TARNAME "expect"
| #define PACKAGE_VERSION "5.45"
| #define PACKAGE_STRING "expect 5.45"
| #define PACKAGE_BUGREPORT ""
| #define BUILD_expect
| #define STDC_HEADERS 1
| #define HAVE_SYS_TYPES_H 1
| #define HAVE_SYS_STAT_H 1
| #define HAVE_STDLIB_H 1
| #define HAVE_STRING_H 1
| #define HAVE_MEMORY_H 1
| #define HAVE_STRINGS_H 1
| #define HAVE_INTTYPES_H 1
| #define HAVE_STDINT_H 1
| #define HAVE_UNISTD_H 1
| #define HAVE_LIMITS_H 1
| #define HAVE_SYS_PARAM_H 1
| #define USE_THREAD_ALLOC 1
| #define _REENTRANT 1
| #define _THREAD_SAFE 1
| #define TCL_THREADS 1
| #define MODULE_SCOPE extern __attribute__((__visibility__("hidden")))
| #define _LARGEFILE64_SOURCE 1
| #define TCL_WIDE_INT_IS_LONG 1
| #define USE_TCL_STUBS 1
| #define USE_TCL_STUBS 1
| #define HAVE_SYS_SELECT_H 1
| #define HAVE_SYSMACROS_H 1
| /* end confdefs.h.  */
| #include <sys/sysconfig.h>
configure:10468: result: no
configure:10503: checking for sys/sysconfig.h
configure:10510: result: no
configure:10532: checking sys/fcntl.h usability
configure:10544: gcc -c  -pipe  conftest.c >&5
configure:10550: $? = 0
configure:10554: test -z 
			 || test ! -s conftest.err
configure:10557: $? = 0
configure:10560: test -s conftest.o
configure:10563: $? = 0
configure:10573: result: yes
configure:10577: checking sys/fcntl.h presence
configure:10587: gcc -E  conftest.c
configure:10593: $? = 0
configure:10613: result: yes
configure:10648: checking for sys/fcntl.h
configure:10655: result: yes
configure:10677: checking sys/ptem.h usability
configure:10689: gcc -c  -pipe  conftest.c >&5
conftest.c:68:10: fatal error: sys/ptem.h: No such file or directory
   68 | #include <sys/ptem.h>
      |          ^~~~~~~~~~~~
compilation terminated.
configure:10695: $? = 1
configure: failed program was:
| /* confdefs.h.  */
| 
| #define PACKAGE_NAME "expect"
| #define PACKAGE_TARNAME "expect"
| #define PACKAGE_VERSION "5.45"
| #define PACKAGE_STRING "expect 5.45"
| #define PACKAGE_BUGREPORT ""
| #define BUILD_expect
| #define STDC_HEADERS 1
| #define HAVE_SYS_TYPES_H 1
| #define HAVE_SYS_STAT_H 1
| #define HAVE_STDLIB_H 1
| #define HAVE_STRING_H 1
| #define HAVE_MEMORY_H 1
| #define HAVE_STRINGS_H 1
| #define HAVE_INTTYPES_H 1
| #define HAVE_STDINT_H 1
| #define HAVE_UNISTD_H 1
| #define HAVE_LIMITS_H 1
| #define HAVE_SYS_PARAM_H 1
| #define USE_THREAD_ALLOC 1
| #define _REENTRANT 1
| #define _THREAD_SAFE 1
| #define TCL_THREADS 1
| #define MODULE_SCOPE extern __attribute__((__visibility__("hidden")))
| #define _LARGEFILE64_SOURCE 1
| #define TCL_WIDE_INT_IS_LONG 1
| #define USE_TCL_STUBS 1
| #define USE_TCL_STUBS 1
| #define HAVE_SYS_SELECT_H 1
| #define HAVE_SYSMACROS_H 1
| #define HAVE_SYS_FCNTL_H 1
| /* end confdefs.h.  */
| #include <stdio.h>
| #if HAVE_SYS_TYPES_H
| # include <sys/types.h>
| #endif
| #if HAVE_SYS_STAT_H
| # include <sys/stat.h>
| #endif
| #if STDC_HEADERS
| # include <stdlib.h>
| # include <stddef.h>
| #else
| # if HAVE_STDLIB_H
| #  include <stdlib.h>
| # endif
| #endif
| #if HAVE_STRING_H
| # if !STDC_HEADERS && HAVE_MEMORY_H
| #  include <memory.h>
| # endif
| # include <string.h>
| #endif
| #if HAVE_STRINGS_H
| # include <strings.h>
| #endif
| #if HAVE_INTTYPES_H
| # include <inttypes.h>
| #else
| # if HAVE_STDINT_H
| #  include <stdint.h>
| # endif
| #endif
| #if HAVE_UNISTD_H
| # include <unistd.h>
| #endif
| #include <sys/ptem.h>
configure:10718: result: no
configure:10722: checking sys/ptem.h presence
configure:10732: gcc -E  conftest.c
conftest.c:34:10: fatal error: sys/ptem.h: No such file or directory
   34 | #include <sys/ptem.h>
      |          ^~~~~~~~~~~~
compilation terminated.
configure:10738: $? = 1
configure: failed program was:
| /* confdefs.h.  */
| 
| #define PACKAGE_NAME "expect"
| #define PACKAGE_TARNAME "expect"
| #define PACKAGE_VERSION "5.45"
| #define PACKAGE_STRING "expect 5.45"
| #define PACKAGE_BUGREPORT ""
| #define BUILD_expect
| #define STDC_HEADERS 1
| #define HAVE_SYS_TYPES_H 1
| #define HAVE_SYS_STAT_H 1
| #define HAVE_STDLIB_H 1
| #define HAVE_STRING_H 1
| #define HAVE_MEMORY_H 1
| #define HAVE_STRINGS_H 1
| #define HAVE_INTTYPES_H 1
| #define HAVE_STDINT_H 1
| #define HAVE_UNISTD_H 1
| #define HAVE_LIMITS_H 1
| #define HAVE_SYS_PARAM_H 1
| #define USE_THREAD_ALLOC 1
| #define _REENTRANT 1
| #define _THREAD_SAFE 1
| #define TCL_THREADS 1
| #define MODULE_SCOPE extern __attribute__((__visibility__("hidden")))
| #define _LARGEFILE64_SOURCE 1
| #define TCL_WIDE_INT_IS_LONG 1
| #define USE_TCL_STUBS 1
| #define USE_TCL_STUBS 1
| #define HAVE_SYS_SELECT_H 1
| #define HAVE_SYSMACROS_H 1
| #define HAVE_SYS_FCNTL_H 1
| /* end confdefs.h.  */
| #include <sys/ptem.h>
configure:10758: result: no
configure:10793: checking for sys/ptem.h
configure:10800: result: no
configure:10822: checking sys/strredir.h usability
configure:10834: gcc -c  -pipe  conftest.c >&5
conftest.c:68:10: fatal error: sys/strredir.h: No such file or directory
   68 | #include <sys/strredir.h>
      |          ^~~~~~~~~~~~~~~~
compilation terminated.
configure:10840: $? = 1
configure: failed program was:
| /* confdefs.h.  */
| 
| #define PACKAGE_NAME "expect"
| #define PACKAGE_TARNAME "expect"
| #define PACKAGE_VERSION "5.45"
| #define PACKAGE_STRING "expect 5.45"
| #define PACKAGE_BUGREPORT ""
| #define BUILD_expect
| #define STDC_HEADERS 1
| #define HAVE_SYS_TYPES_H 1
| #define HAVE_SYS_STAT_H 1
| #define HAVE_STDLIB_H 1
| #define HAVE_STRING_H 1
| #define HAVE_MEMORY_H 1
| #define HAVE_STRINGS_H 1
| #define HAVE_INTTYPES_H 1
| #define HAVE_STDINT_H 1
| #define HAVE_UNISTD_H 1
| #define HAVE_LIMITS_H 1
| #define HAVE_SYS_PARAM_H 1
| #define USE_THREAD_ALLOC 1
| #define _REENTRANT 1
| #define _THREAD_SAFE 1
| #define TCL_THREADS 1
| #define MODULE_SCOPE extern __attribute__((__visibility__("hidden")))
| #define _LARGEFILE64_SOURCE 1
| #define TCL_WIDE_INT_IS_LONG 1
| #define USE_TCL_STUBS 1
| #define USE_TCL_STUBS 1
| #define HAVE_SYS_SELECT_H 1
| #define HAVE_SYSMACROS_H 1
| #define HAVE_SYS_FCNTL_H 1
| /* end confdefs.h.  */
| #include <stdio.h>
| #if HAVE_SYS_TYPES_H
| # include <sys/types.h>
| #endif
| #if HAVE_SYS_STAT_H
| # include <sys/stat.h>
| #endif
| #if STDC_HEADERS
| # include <stdlib.h>
| # include <stddef.h>
| #else
| # if HAVE_STDLIB_H
| #  include <stdlib.h>
| # endif
| #endif
| #if HAVE_STRING_H
| # if !STDC_HEADERS && HAVE_MEMORY_H
| #  include <memory.h>
| # endif
| # include <string.h>
| #endif
| #if HAVE_STRINGS_H
| # include <strings.h>
| #endif
| #if HAVE_INTTYPES_H
| # include <inttypes.h>
| #else
| # if HAVE_STDINT_H
| #  include <stdint.h>
| # endif
| #endif
| #if HAVE_UNISTD_H
| # include <unistd.h>
| #endif
| #include <sys/strredir.h>
configure:10863: result: no
configure:10867: checking sys/strredir.h presence
configure:10877: gcc -E  conftest.c
conftest.c:34:10: fatal error: sys/strredir.h: No such file or directory
   34 | #include <sys/strredir.h>
      |          ^~~~~~~~~~~~~~~~
compilation terminated.
configure:10883: $? = 1
configure: failed program was:
| /* confdefs.h.  */
| 
| #define PACKAGE_NAME "expect"
| #define PACKAGE_TARNAME "expect"
| #define PACKAGE_VERSION "5.45"
| #define PACKAGE_STRING "expect 5.45"
| #define PACKAGE_BUGREPORT ""
| #define BUILD_expect
| #define STDC_HEADERS 1
| #define HAVE_SYS_TYPES_H 1
| #define HAVE_SYS_STAT_H 1
| #define HAVE_STDLIB_H 1
| #define HAVE_STRING_H 1
| #define HAVE_MEMORY_H 1
| #define HAVE_STRINGS_H 1
| #define HAVE_INTTYPES_H 1
| #define HAVE_STDINT_H 1
| #define HAVE_UNISTD_H 1
| #define HAVE_LIMITS_H 1
| #define HAVE_SYS_PARAM_H 1
| #define USE_THREAD_ALLOC 1
| #define _REENTRANT 1
| #define _THREAD_SAFE 1
| #define TCL_THREADS 1
| #define MODULE_SCOPE extern __attribute__((__visibility__("hidden")))
| #define _LARGEFILE64_SOURCE 1
| #define TCL_WIDE_INT_IS_LONG 1
| #define USE_TCL_STUBS 1
| #define USE_TCL_STUBS 1
| #define HAVE_SYS_SELECT_H 1
| #define HAVE_SYSMACROS_H 1
| #define HAVE_SYS_FCNTL_H 1
| /* end confdefs.h.  */
| #include <sys/strredir.h>
configure:10903: result: no
configure:10938: checking for sys/strredir.h
configure:10945: result: no
configure:10967: checking sys/strpty.h usability
configure:10979: gcc -c  -pipe  conftest.c >&5
conftest.c:68:10: fatal error: sys/strpty.h: No such file or directory
   68 | #include <sys/strpty.h>
      |          ^~~~~~~~~~~~~~
compilation terminated.
configure:10985: $? = 1
configure: failed program was:
| /* confdefs.h.  */
| 
| #define PACKAGE_NAME "expect"
| #define PACKAGE_TARNAME "expect"
| #define PACKAGE_VERSION "5.45"
| #define PACKAGE_STRING "expect 5.45"
| #define PACKAGE_BUGREPORT ""
| #define BUILD_expect
| #define STDC_HEADERS 1
| #define HAVE_SYS_TYPES_H 1
| #define HAVE_SYS_STAT_H 1
| #define HAVE_STDLIB_H 1
| #define HAVE_STRING_H 1
| #define HAVE_MEMORY_H 1
| #define HAVE_STRINGS_H 1
| #define HAVE_INTTYPES_H 1
| #define HAVE_STDINT_H 1
| #define HAVE_UNISTD_H 1
| #define HAVE_LIMITS_H 1
| #define HAVE_SYS_PARAM_H 1
| #define USE_THREAD_ALLOC 1
| #define _REENTRANT 1
| #define _THREAD_SAFE 1
| #define TCL_THREADS 1
| #define MODULE_SCOPE extern __attribute__((__visibility__("hidden")))
| #define _LARGEFILE64_SOURCE 1
| #define TCL_WIDE_INT_IS_LONG 1
| #define USE_TCL_STUBS 1
| #define USE_TCL_STUBS 1
| #define HAVE_SYS_SELECT_H 1
| #define HAVE_SYSMACROS_H 1
| #define HAVE_SYS_FCNTL_H 1
| /* end confdefs.h.  */
| #include <stdio.h>
| #if HAVE_SYS_TYPES_H
| # include <sys/types.h>
| #endif
| #if HAVE_SYS_STAT_H
| # include <sys/stat.h>
| #endif
| #if STDC_HEADERS
| # include <stdlib.h>
| # include <stddef.h>
| #else
| # if HAVE_STDLIB_H
| #  include <stdlib.h>
| # endif
| #endif
| #if HAVE_STRING_H
| # if !STDC_HEADERS && HAVE_MEMORY_H
| #  include <memory.h>
| # endif
| # include <string.h>
| #endif
| #if HAVE_STRINGS_H
| # include <strings.h>
| #endif
| #if HAVE_INTTYPES_H
| # include <inttypes.h>
| #else
| # if HAVE_STDINT_H
| #  include <stdint.h>
| # endif
| #endif
| #if HAVE_UNISTD_H
| # include <unistd.h>
| #endif
| #include <sys/strpty.h>
configure:11008: result: no
configure:11012: checking sys/strpty.h presence
configure:11022: gcc -E  conftest.c
conftest.c:34:10: fatal error: sys/strpty.h: No such file or directory
   34 | #include <sys/strpty.h>
      |          ^~~~~~~~~~~~~~
compilation terminated.
configure:11028: $? = 1
configure: failed program was:
| /* confdefs.h.  */
| 
| #define PACKAGE_NAME "expect"
| #define PACKAGE_TARNAME "expect"
| #define PACKAGE_VERSION "5.45"
| #define PACKAGE_STRING "expect 5.45"
| #define PACKAGE_BUGREPORT ""
| #define BUILD_expect
| #define STDC_HEADERS 1
| #define HAVE_SYS_TYPES_H 1
| #define HAVE_SYS_STAT_H 1
| #define HAVE_STDLIB_H 1
| #define HAVE_STRING_H 1
| #define HAVE_MEMORY_H 1
| #define HAVE_STRINGS_H 1
| #define HAVE_INTTYPES_H 1
| #define HAVE_STDINT_H 1
| #define HAVE_UNISTD_H 1
| #define HAVE_LIMITS_H 1
| #define HAVE_SYS_PARAM_H 1
| #define USE_THREAD_ALLOC 1
| #define _REENTRANT 1
| #define _THREAD_SAFE 1
| #define TCL_THREADS 1
| #define MODULE_SCOPE extern __attribute__((__visibility__("hidden")))
| #define _LARGEFILE64_SOURCE 1
| #define TCL_WIDE_INT_IS_LONG 1
| #define USE_TCL_STUBS 1
| #define USE_TCL_STUBS 1
| #define HAVE_SYS_SELECT_H 1
| #define HAVE_SYSMACROS_H 1
| #define HAVE_SYS_FCNTL_H 1
| /* end confdefs.h.  */
| #include <sys/strpty.h>
configure:11048: result: no
configure:11083: checking for sys/strpty.h
configure:11090: result: no
configure:11103: checking for sys/bsdtypes.h
configure:11260: result: no
configure:11268: checking return type of signal handlers
configure:11299: gcc -c  -pipe  conftest.c >&5
configure:11305: $? = 0
configure:11309: test -z 
			 || test ! -s conftest.err
configure:11312: $? = 0
configure:11315: test -s conftest.o
configure:11318: $? = 0
configure:11329: result: void
configure:11342: checking whether struct tm is in sys/time.h or time.h
configure:11365: gcc -c  -pipe  conftest.c >&5
configure:11371: $? = 0
configure:11375: test -z 
			 || test ! -s conftest.err
configure:11378: $? = 0
configure:11381: test -s conftest.o
configure:11384: $? = 0
configure:11395: result: time.h
configure:11420: checking sys/time.h usability
configure:11432: gcc -c  -pipe  conftest.c >&5
configure:11438: $? = 0
configure:11442: test -z 
			 || test ! -s conftest.err
configure:11445: $? = 0
configure:11448: test -s conftest.o
configure:11451: $? = 0
configure:11461: result: yes
configure:11465: checking sys/time.h presence
configure:11475: gcc -E  conftest.c
configure:11481: $? = 0
configure:11501: result: yes
configure:11536: checking for sys/time.h
configure:11543: result: yes
configure:11556: checking whether time.h and sys/time.h may both be included
configure:11581: gcc -c  -pipe  conftest.c >&5
configure:11587: $? = 0
configure:11591: test -z 
			 || test ! -s conftest.err
configure:11594: $? = 0
configure:11597: test -s conftest.o
configure:11600: $? = 0
configure:11611: result: yes
configure:11621: checking for struct tm.tm_zone
configure:11647: gcc -c  -pipe  conftest.c >&5
configure:11653: $? = 0
configure:11657: test -z 
			 || test ! -s conftest.err
configure:11660: $? = 0
configure:11663: test -s conftest.o
configure:11666: $? = 0
configure:11726: result: yes
configure:11817: checking for gmtime_r
configure:11874: gcc -o conftest  -pipe   -Wl,--export-dynamic  conftest.c  >&5
configure:11880: $? = 0
configure:11884: test -z 
			 || test ! -s conftest.err
configure:11887: $? = 0
configure:11890: test -s conftest
configure:11893: $? = 0
configure:11905: result: yes
configure:11817: checking for localtime_r
configure:11874: gcc -o conftest  -pipe   -Wl,--export-dynamic  conftest.c  >&5
configure:11880: $? = 0
configure:11884: test -z 
			 || test ! -s conftest.err
configure:11887: $? = 0
configure:11890: test -s conftest
configure:11893: $? = 0
configure:11905: result: yes
configure:11916: checking tm_tzadj in struct tm
configure:11938: gcc -c  -pipe  conftest.c >&5
conftest.c: In function 'main':
conftest.c:45:17: error: 'struct tm' has no member named 'tm_tzadj'
   45 | struct tm tm; tm.tm_tzadj;
      |                 ^
configure:11944: $? = 1
configure: failed program was:
| /* confdefs.h.  */
| 
| #define PACKAGE_NAME "expect"
| #define PACKAGE_TARNAME "expect"
| #define PACKAGE_VERSION "5.45"
| #define PACKAGE_STRING "expect 5.45"
| #define PACKAGE_BUGREPORT ""
| #define BUILD_expect
| #define STDC_HEADERS 1
| #define HAVE_SYS_TYPES_H 1
| #define HAVE_SYS_STAT_H 1
| #define HAVE_STDLIB_H 1
| #define HAVE_STRING_H 1
| #define HAVE_MEMORY_H 1
| #define HAVE_STRINGS_H 1
| #define HAVE_INTTYPES_H 1
| #define HAVE_STDINT_H 1
| #define HAVE_UNISTD_H 1
| #define HAVE_LIMITS_H 1
| #define HAVE_SYS_PARAM_H 1
| #define USE_THREAD_ALLOC 1
| #define _REENTRANT 1
| #define _THREAD_SAFE 1
| #define TCL_THREADS 1
| #define MODULE_SCOPE extern __attribute__((__visibility__("hidden")))
| #define _LARGEFILE64_SOURCE 1
| #define TCL_WIDE_INT_IS_LONG 1
| #define USE_TCL_STUBS 1
| #define USE_TCL_STUBS 1
| #define HAVE_SYS_SELECT_H 1
| #define HAVE_SYSMACROS_H 1
| #define HAVE_SYS_FCNTL_H 1
| #define RETSIGTYPE void
| #define HAVE_SYS_TIME_H 1
| #define TIME_WITH_SYS_TIME 1
| #define HAVE_STRUCT_TM_TM_ZONE 1
| #define HAVE_TM_ZONE 1
| #define HAVE_GMTIME_R 1
| #define HAVE_LOCALTIME_R 1
| /* end confdefs.h.  */
| #include <time.h>
| int
| main ()
| {
| struct tm tm; tm.tm_tzadj;
|   ;
|   return 0;
| }
configure:11968: result: no
configure:11978: checking tm_gmtoff in struct tm
configure:12000: gcc -c  -pipe  conftest.c >&5
configure:12006: $? = 0
configure:12010: test -z 
			 || test ! -s conftest.err
configure:12013: $? = 0
configure:12016: test -s conftest.o
configure:12019: $? = 0
configure:12030: result: yes
configure:12044: checking long timezone variable
configure:12068: gcc -c  -pipe  conftest.c >&5
conftest.c: In function 'main':
conftest.c:48:6: warning: implicit declaration of function 'exit' [-Wimplicit-function-declaration]
   48 |      exit (0);
      |      ^~~~
conftest.c:48:6: warning: incompatible implicit declaration of built-in function 'exit'
conftest.c:43:1: note: include '<stdlib.h>' or provide a declaration of 'exit'
   42 | #include <time.h>
   43 | int
configure:12074: $? = 0
configure:12078: test -z 
			 || test ! -s conftest.err
configure:12081: $? = 0
configure:12084: test -s conftest.o
configure:12087: $? = 0
configure:12098: result: yes
configure:12184: checking union wait
configure:12209: gcc -o conftest  -pipe   -Wl,--export-dynamic  conftest.c  >&5
conftest.c: In function 'main':
conftest.c:49:12: error: storage size of 'x' isn't known
   49 | union wait x;
      |            ^
configure:12215: $? = 1
configure: failed program was:
| /* confdefs.h.  */
| 
| #define PACKAGE_NAME "expect"
| #define PACKAGE_TARNAME "expect"
| #define PACKAGE_VERSION "5.45"
| #define PACKAGE_STRING "expect 5.45"
| #define PACKAGE_BUGREPORT ""
| #define BUILD_expect
| #define STDC_HEADERS 1
| #define HAVE_SYS_TYPES_H 1
| #define HAVE_SYS_STAT_H 1
| #define HAVE_STDLIB_H 1
| #define HAVE_STRING_H 1
| #define HAVE_MEMORY_H 1
| #define HAVE_STRINGS_H 1
| #define HAVE_INTTYPES_H 1
| #define HAVE_STDINT_H 1
| #define HAVE_UNISTD_H 1
| #define HAVE_LIMITS_H 1
| #define HAVE_SYS_PARAM_H 1
| #define USE_THREAD_ALLOC 1
| #define _REENTRANT 1
| #define _THREAD_SAFE 1
| #define TCL_THREADS 1
| #define MODULE_SCOPE extern __attribute__((__visibility__("hidden")))
| #define _LARGEFILE64_SOURCE 1
| #define TCL_WIDE_INT_IS_LONG 1
| #define USE_TCL_STUBS 1
| #define USE_TCL_STUBS 1
| #define HAVE_SYS_SELECT_H 1
| #define HAVE_SYSMACROS_H 1
| #define HAVE_SYS_FCNTL_H 1
| #define RETSIGTYPE void
| #define HAVE_SYS_TIME_H 1
| #define TIME_WITH_SYS_TIME 1
| #define HAVE_STRUCT_TM_TM_ZONE 1
| #define HAVE_TM_ZONE 1
| #define HAVE_GMTIME_R 1
| #define HAVE_LOCALTIME_R 1
| #define HAVE_TM_GMTOFF 1
| #define HAVE_TIMEZONE_VAR 1
| /* end confdefs.h.  */
| #include <sys/types.h>
| #include <sys/wait.h>
| int
| main ()
| {
| 
| union wait x;
| WIFEXITED(x);	/* Generates compiler error if WIFEXITED uses an int. */
| 
|   ;
|   return 0;
| }
configure:12241: result: no
configure:12253: checking for gethostname
configure:12310: gcc -o conftest  -pipe   -Wl,--export-dynamic  conftest.c  >&5
configure:12316: $? = 0
configure:12320: test -z 
			 || test ! -s conftest.err
configure:12323: $? = 0
configure:12326: test -s conftest
configure:12329: $? = 0
configure:12341: result: yes
configure:12423: checking for socket
configure:12480: gcc -o conftest  -pipe   -Wl,--export-dynamic  conftest.c  >&5
configure:12486: $? = 0
configure:12490: test -z 
			 || test ! -s conftest.err
configure:12493: $? = 0
configure:12496: test -s conftest
configure:12499: $? = 0
configure:12511: result: yes
configure:12592: checking for select
configure:12649: gcc -o conftest  -pipe   -Wl,--export-dynamic  conftest.c  >&5
configure:12655: $? = 0
configure:12659: test -z 
			 || test ! -s conftest.err
configure:12662: $? = 0
configure:12665: test -s conftest
configure:12668: $? = 0
configure:12680: result: yes
configure:12761: checking for getpseudotty
configure:12818: gcc -o conftest  -pipe   -Wl,--export-dynamic  conftest.c  >&5
/usr/bin/ld: /tmp/ccqdjngU.o: in function `main':
conftest.c:(.text+0x12): undefined reference to `getpseudotty'
/usr/bin/ld: /tmp/ccqdjngU.o:(.data.rel+0x0): undefined reference to `getpseudotty'
collect2: error: ld returned 1 exit status
configure:12824: $? = 1
configure: failed program was:
| /* confdefs.h.  */
| 
| #define PACKAGE_NAME "expect"
| #define PACKAGE_TARNAME "expect"
| #define PACKAGE_VERSION "5.45"
| #define PACKAGE_STRING "expect 5.45"
| #define PACKAGE_BUGREPORT ""
| #define BUILD_expect
| #define STDC_HEADERS 1
| #define HAVE_SYS_TYPES_H 1
| #define HAVE_SYS_STAT_H 1
| #define HAVE_STDLIB_H 1
| #define HAVE_STRING_H 1
| #define HAVE_MEMORY_H 1
| #define HAVE_STRINGS_H 1
| #define HAVE_INTTYPES_H 1
| #define HAVE_STDINT_H 1
| #define HAVE_UNISTD_H 1
| #define HAVE_LIMITS_H 1
| #define HAVE_SYS_PARAM_H 1
| #define USE_THREAD_ALLOC 1
| #define _REENTRANT 1
| #define _THREAD_SAFE 1
| #define TCL_THREADS 1
| #define MODULE_SCOPE extern __attribute__((__visibility__("hidden")))
| #define _LARGEFILE64_SOURCE 1
| #define TCL_WIDE_INT_IS_LONG 1
| #define USE_TCL_STUBS 1
| #define USE_TCL_STUBS 1
| #define HAVE_SYS_SELECT_H 1
| #define HAVE_SYSMACROS_H 1
| #define HAVE_SYS_FCNTL_H 1
| #define RETSIGTYPE void
| #define HAVE_SYS_TIME_H 1
| #define TIME_WITH_SYS_TIME 1
| #define HAVE_STRUCT_TM_TM_ZONE 1
| #define HAVE_TM_ZONE 1
| #define HAVE_GMTIME_R 1
| #define HAVE_LOCALTIME_R 1
| #define HAVE_TM_GMTOFF 1
| #define HAVE_TIMEZONE_VAR 1
| #define NO_UNION_WAIT 1
| /* end confdefs.h.  */
| /* Define getpseudotty to an innocuous variant, in case <limits.h> declares getpseudotty.
|    For example, HP-UX 11i <limits.h> declares gettimeofday.  */
| #define getpseudotty innocuous_getpseudotty
| 
| /* System header to define __stub macros and hopefully few prototypes,
|     which can conflict with char getpseudotty (); below.
|     Prefer <limits.h> to <assert.h> if __STDC__ is defined, since
|     <limits.h> exists even on freestanding compilers.  */
| 
| #ifdef __STDC__
| # include <limits.h>
| #else
| # include <assert.h>
| #endif
| 
| #undef getpseudotty
| 
| /* Override any gcc2 internal prototype to avoid an error.  */
| #ifdef __cplusplus
| extern "C"
| {
| #endif
| /* We use char because int might match the return type of a gcc2
|    builtin and then its argument prototype would still apply.  */
| char getpseudotty ();
| /* The GNU C library defines this for functions which it implements
|     to always fail with ENOSYS.  Some functions are actually named
|     something starting with __ and the normal name is an alias.  */
| #if defined (__stub_getpseudotty) || defined (__stub___getpseudotty)
| choke me
| #else
| char (*f) () = getpseudotty;
| #endif
| #ifdef __cplusplus
| }
| #endif
| 
| int
| main ()
| {
| return f != getpseudotty;
|   ;
|   return 0;
| }
configure:12849: result: no
configure:12859: checking for getpseudotty in -lseq
configure:12889: gcc -o conftest  -pipe   -Wl,--export-dynamic  conftest.c -lseq   >&5
/usr/bin/ld: cannot find -lseq
collect2: error: ld returned 1 exit status
configure:12895: $? = 1
configure: failed program was:
| /* confdefs.h.  */
| 
| #define PACKAGE_NAME "expect"
| #define PACKAGE_TARNAME "expect"
| #define PACKAGE_VERSION "5.45"
| #define PACKAGE_STRING "expect 5.45"
| #define PACKAGE_BUGREPORT ""
| #define BUILD_expect
| #define STDC_HEADERS 1
| #define HAVE_SYS_TYPES_H 1
| #define HAVE_SYS_STAT_H 1
| #define HAVE_STDLIB_H 1
| #define HAVE_STRING_H 1
| #define HAVE_MEMORY_H 1
| #define HAVE_STRINGS_H 1
| #define HAVE_INTTYPES_H 1
| #define HAVE_STDINT_H 1
| #define HAVE_UNISTD_H 1
| #define HAVE_LIMITS_H 1
| #define HAVE_SYS_PARAM_H 1
| #define USE_THREAD_ALLOC 1
| #define _REENTRANT 1
| #define _THREAD_SAFE 1
| #define TCL_THREADS 1
| #define MODULE_SCOPE extern __attribute__((__visibility__("hidden")))
| #define _LARGEFILE64_SOURCE 1
| #define TCL_WIDE_INT_IS_LONG 1
| #define USE_TCL_STUBS 1
| #define USE_TCL_STUBS 1
| #define HAVE_SYS_SELECT_H 1
| #define HAVE_SYSMACROS_H 1
| #define HAVE_SYS_FCNTL_H 1
| #define RETSIGTYPE void
| #define HAVE_SYS_TIME_H 1
| #define TIME_WITH_SYS_TIME 1
| #define HAVE_STRUCT_TM_TM_ZONE 1
| #define HAVE_TM_ZONE 1
| #define HAVE_GMTIME_R 1
| #define HAVE_LOCALTIME_R 1
| #define HAVE_TM_GMTOFF 1
| #define HAVE_TIMEZONE_VAR 1
| #define NO_UNION_WAIT 1
| /* end confdefs.h.  */
| 
| /* Override any gcc2 internal prototype to avoid an error.  */
| #ifdef __cplusplus
| extern "C"
| #endif
| /* We use char because int might match the return type of a gcc2
|    builtin and then its argument prototype would still apply.  */
| char getpseudotty ();
| int
| main ()
| {
| getpseudotty ();
|   ;
|   return 0;
| }
configure:12921: result: no
configure:12938: checking for openpty
configure:12995: gcc -o conftest  -pipe   -Wl,--export-dynamic  conftest.c  >&5
/usr/bin/ld: /tmp/cc7JWuET.o: in function `main':
conftest.c:(.text+0x12): undefined reference to `openpty'
/usr/bin/ld: /tmp/cc7JWuET.o:(.data.rel+0x0): undefined reference to `openpty'
collect2: error: ld returned 1 exit status
configure:13001: $? = 1
configure: failed program was:
| /* confdefs.h.  */
| 
| #define PACKAGE_NAME "expect"
| #define PACKAGE_TARNAME "expect"
| #define PACKAGE_VERSION "5.45"
| #define PACKAGE_STRING "expect 5.45"
| #define PACKAGE_BUGREPORT ""
| #define BUILD_expect
| #define STDC_HEADERS 1
| #define HAVE_SYS_TYPES_H 1
| #define HAVE_SYS_STAT_H 1
| #define HAVE_STDLIB_H 1
| #define HAVE_STRING_H 1
| #define HAVE_MEMORY_H 1
| #define HAVE_STRINGS_H 1
| #define HAVE_INTTYPES_H 1
| #define HAVE_STDINT_H 1
| #define HAVE_UNISTD_H 1
| #define HAVE_LIMITS_H 1
| #define HAVE_SYS_PARAM_H 1
| #define USE_THREAD_ALLOC 1
| #define _REENTRANT 1
| #define _THREAD_SAFE 1
| #define TCL_THREADS 1
| #define MODULE_SCOPE extern __attribute__((__visibility__("hidden")))
| #define _LARGEFILE64_SOURCE 1
| #define TCL_WIDE_INT_IS_LONG 1
| #define USE_TCL_STUBS 1
| #define USE_TCL_STUBS 1
| #define HAVE_SYS_SELECT_H 1
| #define HAVE_SYSMACROS_H 1
| #define HAVE_SYS_FCNTL_H 1
| #define RETSIGTYPE void
| #define HAVE_SYS_TIME_H 1
| #define TIME_WITH_SYS_TIME 1
| #define HAVE_STRUCT_TM_TM_ZONE 1
| #define HAVE_TM_ZONE 1
| #define HAVE_GMTIME_R 1
| #define HAVE_LOCALTIME_R 1
| #define HAVE_TM_GMTOFF 1
| #define HAVE_TIMEZONE_VAR 1
| #define NO_UNION_WAIT 1
| /* end confdefs.h.  */
| /* Define openpty to an innocuous variant, in case <limits.h> declares openpty.
|    For example, HP-UX 11i <limits.h> declares gettimeofday.  */
| #define openpty innocuous_openpty
| 
| /* System header to define __stub macros and hopefully few prototypes,
|     which can conflict with char openpty (); below.
|     Prefer <limits.h> to <assert.h> if __STDC__ is defined, since
|     <limits.h> exists even on freestanding compilers.  */
| 
| #ifdef __STDC__
| # include <limits.h>
| #else
| # include <assert.h>
| #endif
| 
| #undef openpty
| 
| /* Override any gcc2 internal prototype to avoid an error.  */
| #ifdef __cplusplus
| extern "C"
| {
| #endif
| /* We use char because int might match the return type of a gcc2
|    builtin and then its argument prototype would still apply.  */
| char openpty ();
| /* The GNU C library defines this for functions which it implements
|     to always fail with ENOSYS.  Some functions are actually named
|     something starting with __ and the normal name is an alias.  */
| #if defined (__stub_openpty) || defined (__stub___openpty)
| choke me
| #else
| char (*f) () = openpty;
| #endif
| #ifdef __cplusplus
| }
| #endif
| 
| int
| main ()
| {
| return f != openpty;
|   ;
|   return 0;
| }
configure:13026: result: no
configure:13038: checking for openpty in -lutil
configure:13068: gcc -o conftest  -pipe   -Wl,--export-dynamic  conftest.c -lutil   >&5
configure:13074: $? = 0
configure:13078: test -z 
			 || test ! -s conftest.err
configure:13081: $? = 0
configure:13084: test -s conftest
configure:13087: $? = 0
configure:13100: result: yes
configure:13123: checking if running Sequent running SVR4
configure:13130: result: no
configure:13154: checking build system type
configure:13172: result: x86_64-unknown-linux-gnu
configure:13180: checking host system type
configure:13194: result: x86_64-unknown-linux-gnu
configure:13202: checking target system type
configure:13216: result: x86_64-unknown-linux-gnu
configure:13274: checking for pid_t
configure:13298: gcc -c  -pipe  conftest.c >&5
configure:13304: $? = 0
configure:13308: test -z 
			 || test ! -s conftest.err
configure:13311: $? = 0
configure:13314: test -s conftest.o
configure:13317: $? = 0
configure:13328: result: yes
configure:13341: checking if running Mach
configure:13355: result: no
configure:13359: checking if running MachTen
configure:13367: result: no
configure:13371: checking if on Pyramid
configure:13378: result: no
configure:13383: checking if on Apollo
configure:13390: result: no
configure:13395: checking if on Interactive
configure:13402: result: no
configure:13407: checking stty to use
configure:13414: result: /bin/stty
configure:13417: checking if stty reads stdout
configure:13470: result: no
configure:13476: checking if running Solaris
configure:13491: result: no
configure:13610: checking for memmove
configure:13667: gcc -o conftest  -pipe   -Wl,--export-dynamic  conftest.c   -lutil -lm >&5
conftest.c:69:6: warning: conflicting types for built-in function 'memmove'; expected 'void *(void *, const void *, long unsigned int)' [-Wbuiltin-declaration-mismatch]
   69 | char memmove ();
      |      ^~~~~~~
conftest.c:56:1: note: 'memmove' is declared in header '<string.h>'
   55 | # include <limits.h>
   56 | #else
configure:13673: $? = 0
configure:13677: test -z 
			 || test ! -s conftest.err
configure:13680: $? = 0
configure:13683: test -s conftest
configure:13686: $? = 0
configure:13698: result: yes
configure:13707: checking for sysconf
configure:13764: gcc -o conftest  -pipe   -Wl,--export-dynamic  conftest.c   -lutil -lm >&5
configure:13770: $? = 0
configure:13774: test -z 
			 || test ! -s conftest.err
configure:13777: $? = 0
configure:13780: test -s conftest
configure:13783: $? = 0
configure:13795: result: yes
configure:13804: checking for strftime
configure:13861: gcc -o conftest  -pipe   -Wl,--export-dynamic  conftest.c   -lutil -lm >&5
conftest.c:71:6: warning: conflicting types for built-in function 'strftime'; expected 'long unsigned int(char *, long unsigned int,  const char *, const void *)' [-Wbuiltin-declaration-mismatch]
   71 | char strftime ();
      |      ^~~~~~~~
conftest.c:58:1: note: 'strftime' is declared in header '<time.h>'
   57 | # include <limits.h>
   58 | #else
configure:13867: $? = 0
configure:13871: test -z 
			 || test ! -s conftest.err
configure:13874: $? = 0
configure:13877: test -s conftest
configure:13880: $? = 0
configure:13892: result: yes
configure:13901: checking for strchr
configure:13958: gcc -o conftest  -pipe   -Wl,--export-dynamic  conftest.c   -lutil -lm >&5
conftest.c:72:6: warning: conflicting types for built-in function 'strchr'; expected 'char *(const char *, int)' [-Wbuiltin-declaration-mismatch]
   72 | char strchr ();
      |      ^~~~~~
conftest.c:59:1: note: 'strchr' is declared in header '<string.h>'
   58 | # include <limits.h>
   59 | #else
configure:13964: $? = 0
configure:13968: test -z 
			 || test ! -s conftest.err
configure:13971: $? = 0
configure:13974: test -s conftest
configure:13977: $? = 0
configure:13989: result: yes
configure:13998: checking for timezone
configure:14055: gcc -o conftest  -pipe   -Wl,--export-dynamic  conftest.c   -lutil -lm >&5
configure:14061: $? = 0
configure:14065: test -z 
			 || test ! -s conftest.err
configure:14068: $? = 0
configure:14071: test -s conftest
configure:14074: $? = 0
configure:14086: result: yes
configure:14095: checking for siglongjmp
configure:14152: gcc -o conftest  -pipe   -Wl,--export-dynamic  conftest.c   -lutil -lm >&5
configure:14158: $? = 0
configure:14162: test -z 
			 || test ! -s conftest.err
configure:14165: $? = 0
configure:14168: test -s conftest
configure:14171: $? = 0
configure:14183: result: yes
configure:14196: checking for memcpy
configure:14217: gcc -o conftest  -pipe   -Wl,--export-dynamic  conftest.c   -lutil -lm >&5
conftest.c: In function 'main':
conftest.c:57:1: warning: implicit declaration of function 'memcpy' [-Wimplicit-function-declaration]
   57 | memcpy(s1,s2,0);
      | ^~~~~~
conftest.c:57:1: warning: incompatible implicit declaration of built-in function 'memcpy'
conftest.c:1:1: note: include '<string.h>' or provide a declaration of 'memcpy'
    1 | /* confdefs.h.  */
configure:14223: $? = 0
configure:14227: test -z 
			 || test ! -s conftest.err
configure:14230: $? = 0
configure:14233: test -s conftest
configure:14236: $? = 0
configure:14238: result: yes
configure:14260: checking if WNOHANG requires _POSIX_SOURCE
configure:14285: gcc -o conftest  -pipe   -Wl,--export-dynamic  conftest.c   -lutil -lm >&5
conftest.c:54:1: warning: return type defaults to 'int' [-Wimplicit-int]
   54 | main() {
      | ^~~~
configure:14288: $? = 0
configure:14290: ./conftest
configure:14293: $? = 1
configure: program exited with status 1
configure: failed program was:
| /* confdefs.h.  */
| 
| #define PACKAGE_NAME "expect"
| #define PACKAGE_TARNAME "expect"
| #define PACKAGE_VERSION "5.45"
| #define PACKAGE_STRING "expect 5.45"
| #define PACKAGE_BUGREPORT ""
| #define BUILD_expect
| #define STDC_HEADERS 1
| #define HAVE_SYS_TYPES_H 1
| #define HAVE_SYS_STAT_H 1
| #define HAVE_STDLIB_H 1
| #define HAVE_STRING_H 1
| #define HAVE_MEMORY_H 1
| #define HAVE_STRINGS_H 1
| #define HAVE_INTTYPES_H 1
| #define HAVE_STDINT_H 1
| #define HAVE_UNISTD_H 1
| #define HAVE_LIMITS_H 1
| #define HAVE_SYS_PARAM_H 1
| #define USE_THREAD_ALLOC 1
| #define _REENTRANT 1
| #define _THREAD_SAFE 1
| #define TCL_THREADS 1
| #define MODULE_SCOPE extern __attribute__((__visibility__("hidden")))
| #define _LARGEFILE64_SOURCE 1
| #define TCL_WIDE_INT_IS_LONG 1
| #define USE_TCL_STUBS 1
| #define USE_TCL_STUBS 1
| #define HAVE_SYS_SELECT_H 1
| #define HAVE_SYSMACROS_H 1
| #define HAVE_SYS_FCNTL_H 1
| #define RETSIGTYPE void
| #define HAVE_SYS_TIME_H 1
| #define TIME_WITH_SYS_TIME 1
| #define HAVE_STRUCT_TM_TM_ZONE 1
| #define HAVE_TM_ZONE 1
| #define HAVE_GMTIME_R 1
| #define HAVE_LOCALTIME_R 1
| #define HAVE_TM_GMTOFF 1
| #define HAVE_TIMEZONE_VAR 1
| #define NO_UNION_WAIT 1
| #define HAVE_OPENPTY 1
| #define HAVE_MEMMOVE 1
| #define HAVE_SYSCONF 1
| #define HAVE_STRFTIME 1
| #define HAVE_STRCHR 1
| #define HAVE_TIMEZONE 1
| #define HAVE_SIGLONGJMP 1
| #define HAVE_MEMCPY 1
| /* end confdefs.h.  */
| 
| #include <sys/wait.h>
| main() {
| #ifndef WNOHANG
| 	return 0;
| #else
| 	return 1;
| #endif
| }
configure:14308: result: no
configure:14309: checking if any value exists for WNOHANG
configure:14339: gcc -o conftest  -pipe   -Wl,--export-dynamic  conftest.c   -lutil -lm >&5
conftest.c:55:1: warning: return type defaults to 'int' [-Wimplicit-int]
   55 | main() {
      | ^~~~
configure:14342: $? = 0
configure:14344: ./conftest
configure:14347: $? = 0
configure:14349: result: yes
configure:14383: checking mask type of select
configure:14393: result: none
configure:14403: checking if signals need to be re-armed
configure:14454: gcc -o conftest  -pipe   -Wl,--export-dynamic  conftest.c   -lutil -lm >&5
conftest.c:56: warning: "RETSIGTYPE" redefined
   56 | #define RETSIGTYPE
      | 
conftest.c:33: note: this is the location of the previous definition
   33 | #define RETSIGTYPE void
      | 
conftest.c:61:1: warning: return type defaults to 'int' [-Wimplicit-int]
   61 | child_sigint_handler(n)
      | ^~~~~~~~~~~~~~~~~~~~
conftest.c:67:1: warning: return type defaults to 'int' [-Wimplicit-int]
   67 | parent_sigint_handler(n)
      | ^~~~~~~~~~~~~~~~~~~~~
conftest.c:73:1: warning: return type defaults to 'int' [-Wimplicit-int]
   73 | main()
      | ^~~~
conftest.c: In function 'main':
conftest.c:75:16: warning: passing argument 2 of 'signal' from incompatible pointer type [-Wincompatible-pointer-types]
   75 |  signal(SIGINT,parent_sigint_handler);
      |                ^~~~~~~~~~~~~~~~~~~~~
      |                |
      |                int (*)()
In file included from conftest.c:55:
/usr/include/signal.h:88:57: note: expected '__sighandler_t' {aka 'void (*)(int)'} but argument is of type 'int (*)()'
   88 | extern __sighandler_t signal (int __sig, __sighandler_t __handler)
      |                                          ~~~~~~~~~~~~~~~^~~~~~~~~
conftest.c:77:11: warning: implicit declaration of function 'fork' [-Wimplicit-function-declaration]
   77 |  if (0 == fork()) {
      |           ^~~~
conftest.c:78:17: warning: passing argument 2 of 'signal' from incompatible pointer type [-Wincompatible-pointer-types]
   78 |   signal(SIGINT,child_sigint_handler);
      |                 ^~~~~~~~~~~~~~~~~~~~
      |                 |
      |                 int (*)()
In file included from conftest.c:55:
/usr/include/signal.h:88:57: note: expected '__sighandler_t' {aka 'void (*)(int)'} but argument is of type 'int (*)()'
   88 | extern __sighandler_t signal (int __sig, __sighandler_t __handler)
      |                                          ~~~~~~~~~~~~~~~^~~~~~~~~
conftest.c:79:8: warning: implicit declaration of function 'getpid' [-Wimplicit-function-declaration]
   79 |   kill(getpid(),SIGINT);
      |        ^~~~~~
conftest.c:81:8: warning: implicit declaration of function 'getppid' [-Wimplicit-function-declaration]
   81 |   kill(getppid(),SIGINT);
      |        ^~~~~~~
conftest.c:85:3: warning: implicit declaration of function 'wait' [-Wimplicit-function-declaration]
   85 |   wait(&status);
      |   ^~~~
conftest.c:86:3: warning: implicit declaration of function 'unlink' [-Wimplicit-function-declaration]
   86 |   unlink("core");
      |   ^~~~~~
conftest.c:87:3: warning: implicit declaration of function 'exit' [-Wimplicit-function-declaration]
   87 |   exit(signal_rearms);
      |   ^~~~
conftest.c:87:3: warning: incompatible implicit declaration of built-in function 'exit'
conftest.c:56:1: note: include '<stdlib.h>' or provide a declaration of 'exit'
   55 | #include <signal.h>
  +++ |+#include <stdlib.h>
   56 | #define RETSIGTYPE
configure:14457: $? = 0
configure:14459: ./conftest
configure:14462: $? = 1
configure: program exited with status 1
configure: failed program was:
| /* confdefs.h.  */
| 
| #define PACKAGE_NAME "expect"
| #define PACKAGE_TARNAME "expect"
| #define PACKAGE_VERSION "5.45"
| #define PACKAGE_STRING "expect 5.45"
| #define PACKAGE_BUGREPORT ""
| #define BUILD_expect
| #define STDC_HEADERS 1
| #define HAVE_SYS_TYPES_H 1
| #define HAVE_SYS_STAT_H 1
| #define HAVE_STDLIB_H 1
| #define HAVE_STRING_H 1
| #define HAVE_MEMORY_H 1
| #define HAVE_STRINGS_H 1
| #define HAVE_INTTYPES_H 1
| #define HAVE_STDINT_H 1
| #define HAVE_UNISTD_H 1
| #define HAVE_LIMITS_H 1
| #define HAVE_SYS_PARAM_H 1
| #define USE_THREAD_ALLOC 1
| #define _REENTRANT 1
| #define _THREAD_SAFE 1
| #define TCL_THREADS 1
| #define MODULE_SCOPE extern __attribute__((__visibility__("hidden")))
| #define _LARGEFILE64_SOURCE 1
| #define TCL_WIDE_INT_IS_LONG 1
| #define USE_TCL_STUBS 1
| #define USE_TCL_STUBS 1
| #define HAVE_SYS_SELECT_H 1
| #define HAVE_SYSMACROS_H 1
| #define HAVE_SYS_FCNTL_H 1
| #define RETSIGTYPE void
| #define HAVE_SYS_TIME_H 1
| #define TIME_WITH_SYS_TIME 1
| #define HAVE_STRUCT_TM_TM_ZONE 1
| #define HAVE_TM_ZONE 1
| #define HAVE_GMTIME_R 1
| #define HAVE_LOCALTIME_R 1
| #define HAVE_TM_GMTOFF 1
| #define HAVE_TIMEZONE_VAR 1
| #define NO_UNION_WAIT 1
| #define HAVE_OPENPTY 1
| #define HAVE_MEMMOVE 1
| #define HAVE_SYSCONF 1
| #define HAVE_STRFTIME 1
| #define HAVE_STRCHR 1
| #define HAVE_TIMEZONE 1
| #define HAVE_SIGLONGJMP 1
| #define HAVE_MEMCPY 1
| #define WNOHANG_BACKUP_VALUE 1
| #define SELECT_MASK_TYPE fd_set
| /* end confdefs.h.  */
| 
| #include <signal.h>
| #define RETSIGTYPE 
| 
| int signal_rearms = 0;
| 
| RETSIGTYPE
| child_sigint_handler(n)
| int n;
| {
| }
| 
| RETSIGTYPE
| parent_sigint_handler(n)
| int n;
| {
| signal_rearms++;
| }
| 
| main()
| {
| 	signal(SIGINT,parent_sigint_handler);
| 
| 	if (0 == fork()) {
| 		signal(SIGINT,child_sigint_handler);
| 		kill(getpid(),SIGINT);
| 		kill(getpid(),SIGINT);
| 		kill(getppid(),SIGINT);
| 	} else {
| 		int status;
| 
| 		wait(&status);
| 		unlink("core");
| 		exit(signal_rearms);
| 	}
| }
configure:14477: result: no
configure:14489: checking if on Convex
configure:14504: result: no
configure:14509: checking if on HP
configure:14516: result: no
configure:14521: checking sane default stty arguments
configure:14533: result: 
configure:14540: checking for HP style pty allocation
configure:14552: result: no
configure:14556: checking for HP style pty trapping
conftest.c:54:10: fatal error: sys/ptyio.h: No such file or directory
   54 | #include <sys/ptyio.h>
      |          ^~~~~~~~~~~~~
compilation terminated.
configure:14577: result: no
configure:14584: checking for AIX new-style pty allocation
configure:14594: result: no
configure:14598: checking for SGI old-style pty allocation
configure:14608: result: no
configure:14617: checking for SCO style pty allocation
configure:14632: result: no
configure:14636: checking for SVR4 style pty allocation
configure:14811: result: no
configure:14817: checking for OSF/1 style pty allocation
configure:14827: result: no
configure:14833: checking for tcgetattr
configure:14890: gcc -o conftest  -pipe   -Wl,--export-dynamic  conftest.c   -lutil -lm >&5
configure:14896: $? = 0
configure:14900: test -z 
			 || test ! -s conftest.err
configure:14903: $? = 0
configure:14906: test -s conftest
configure:14909: $? = 0
configure:14921: result: yes
configure:14927: checking for tcsetattr
configure:14984: gcc -o conftest  -pipe   -Wl,--export-dynamic  conftest.c   -lutil -lm >&5
configure:14990: $? = 0
configure:14994: test -z 
			 || test ! -s conftest.err
configure:14997: $? = 0
configure:15000: test -s conftest
configure:15003: $? = 0
configure:15015: result: yes
configure:15033: checking for struct sgttyb
configure:15056: gcc -o conftest  -pipe   -Wl,--export-dynamic  conftest.c   -lutil -lm >&5
conftest.c:58:1: warning: return type defaults to 'int' [-Wimplicit-int]
   58 | main()
      | ^~~~
conftest.c: In function 'main':
conftest.c:60:17: error: storage size of 'tmp' isn't known
   60 |   struct sgttyb tmp;
      |                 ^~~
conftest.c:61:3: warning: implicit declaration of function 'exit' [-Wimplicit-function-declaration]
   61 |   exit(0);
      |   ^~~~
conftest.c:61:3: warning: incompatible implicit declaration of built-in function 'exit'
conftest.c:58:1: note: include '<stdlib.h>' or provide a declaration of 'exit'
   57 | #include <sgtty.h>
  +++ |+#include <stdlib.h>
   58 | main()
configure:15059: $? = 1
configure: program exited with status 1
configure: failed program was:
| /* confdefs.h.  */
| 
| #define PACKAGE_NAME "expect"
| #define PACKAGE_TARNAME "expect"
| #define PACKAGE_VERSION "5.45"
| #define PACKAGE_STRING "expect 5.45"
| #define PACKAGE_BUGREPORT ""
| #define BUILD_expect
| #define STDC_HEADERS 1
| #define HAVE_SYS_TYPES_H 1
| #define HAVE_SYS_STAT_H 1
| #define HAVE_STDLIB_H 1
| #define HAVE_STRING_H 1
| #define HAVE_MEMORY_H 1
| #define HAVE_STRINGS_H 1
| #define HAVE_INTTYPES_H 1
| #define HAVE_STDINT_H 1
| #define HAVE_UNISTD_H 1
| #define HAVE_LIMITS_H 1
| #define HAVE_SYS_PARAM_H 1
| #define USE_THREAD_ALLOC 1
| #define _REENTRANT 1
| #define _THREAD_SAFE 1
| #define TCL_THREADS 1
| #define MODULE_SCOPE extern __attribute__((__visibility__("hidden")))
| #define _LARGEFILE64_SOURCE 1
| #define TCL_WIDE_INT_IS_LONG 1
| #define USE_TCL_STUBS 1
| #define USE_TCL_STUBS 1
| #define HAVE_SYS_SELECT_H 1
| #define HAVE_SYSMACROS_H 1
| #define HAVE_SYS_FCNTL_H 1
| #define RETSIGTYPE void
| #define HAVE_SYS_TIME_H 1
| #define TIME_WITH_SYS_TIME 1
| #define HAVE_STRUCT_TM_TM_ZONE 1
| #define HAVE_TM_ZONE 1
| #define HAVE_GMTIME_R 1
| #define HAVE_LOCALTIME_R 1
| #define HAVE_TM_GMTOFF 1
| #define HAVE_TIMEZONE_VAR 1
| #define NO_UNION_WAIT 1
| #define HAVE_OPENPTY 1
| #define HAVE_MEMMOVE 1
| #define HAVE_SYSCONF 1
| #define HAVE_STRFTIME 1
| #define HAVE_STRCHR 1
| #define HAVE_TIMEZONE 1
| #define HAVE_SIGLONGJMP 1
| #define HAVE_MEMCPY 1
| #define WNOHANG_BACKUP_VALUE 1
| #define SELECT_MASK_TYPE fd_set
| #define HAVE_TCSETATTR 1
| #define POSIX 1
| /* end confdefs.h.  */
| 
| #include <sgtty.h>
| main()
| {
|   struct sgttyb tmp;
|   exit(0);
| }
configure:15080: result: no
configure:15089: checking for struct termio
configure:15111: gcc -o conftest  -pipe   -Wl,--export-dynamic  conftest.c   -lutil -lm >&5
conftest.c:57:3: warning: return type defaults to 'int' [-Wimplicit-int]
   57 |   main()
      |   ^~~~
conftest.c: In function 'main':
conftest.c:60:5: warning: implicit declaration of function 'exit' [-Wimplicit-function-declaration]
   60 |     exit(0);
      |     ^~~~
conftest.c:60:5: warning: incompatible implicit declaration of built-in function 'exit'
conftest.c:57:1: note: include '<stdlib.h>' or provide a declaration of 'exit'
   56 | #include <termio.h>
  +++ |+#include <stdlib.h>
   57 |   main()
configure:15114: $? = 0
configure:15116: ./conftest
configure:15119: $? = 0
configure:15126: result: yes
configure:15143: checking for struct termios
configure:15170: gcc -o conftest  -pipe   -Wl,--export-dynamic  conftest.c   -lutil -lm >&5
conftest.c:63:3: warning: return type defaults to 'int' [-Wimplicit-int]
   63 |   main()
      |   ^~~~
conftest.c: In function 'main':
conftest.c:66:5: warning: implicit declaration of function 'exit' [-Wimplicit-function-declaration]
   66 |     exit(0);
      |     ^~~~
conftest.c:66:5: warning: incompatible implicit declaration of built-in function 'exit'
conftest.c:63:1: note: include '<stdlib.h>' or provide a declaration of 'exit'
   62 | #  include <termios.h>
  +++ |+#include <stdlib.h>
   63 |   main()
configure:15173: $? = 0
configure:15175: ./conftest
configure:15178: $? = 0
configure:15185: result: yes
configure:15202: checking if TCGETS or TCGETA in termios.h
configure:15231: gcc -o conftest  -pipe   -Wl,--export-dynamic  conftest.c   -lutil -lm >&5
conftest.c:64:1: warning: return type defaults to 'int' [-Wimplicit-int]
   64 | main() {
      | ^~~~
configure:15234: $? = 0
configure:15236: ./conftest
configure:15239: $? = 1
configure: program exited with status 1
configure: failed program was:
| /* confdefs.h.  */
| 
| #define PACKAGE_NAME "expect"
| #define PACKAGE_TARNAME "expect"
| #define PACKAGE_VERSION "5.45"
| #define PACKAGE_STRING "expect 5.45"
| #define PACKAGE_BUGREPORT ""
| #define BUILD_expect
| #define STDC_HEADERS 1
| #define HAVE_SYS_TYPES_H 1
| #define HAVE_SYS_STAT_H 1
| #define HAVE_STDLIB_H 1
| #define HAVE_STRING_H 1
| #define HAVE_MEMORY_H 1
| #define HAVE_STRINGS_H 1
| #define HAVE_INTTYPES_H 1
| #define HAVE_STDINT_H 1
| #define HAVE_UNISTD_H 1
| #define HAVE_LIMITS_H 1
| #define HAVE_SYS_PARAM_H 1
| #define USE_THREAD_ALLOC 1
| #define _REENTRANT 1
| #define _THREAD_SAFE 1
| #define TCL_THREADS 1
| #define MODULE_SCOPE extern __attribute__((__visibility__("hidden")))
| #define _LARGEFILE64_SOURCE 1
| #define TCL_WIDE_INT_IS_LONG 1
| #define USE_TCL_STUBS 1
| #define USE_TCL_STUBS 1
| #define HAVE_SYS_SELECT_H 1
| #define HAVE_SYSMACROS_H 1
| #define HAVE_SYS_FCNTL_H 1
| #define RETSIGTYPE void
| #define HAVE_SYS_TIME_H 1
| #define TIME_WITH_SYS_TIME 1
| #define HAVE_STRUCT_TM_TM_ZONE 1
| #define HAVE_TM_ZONE 1
| #define HAVE_GMTIME_R 1
| #define HAVE_LOCALTIME_R 1
| #define HAVE_TM_GMTOFF 1
| #define HAVE_TIMEZONE_VAR 1
| #define NO_UNION_WAIT 1
| #define HAVE_OPENPTY 1
| #define HAVE_MEMMOVE 1
| #define HAVE_SYSCONF 1
| #define HAVE_STRFTIME 1
| #define HAVE_STRCHR 1
| #define HAVE_TIMEZONE 1
| #define HAVE_SIGLONGJMP 1
| #define HAVE_MEMCPY 1
| #define WNOHANG_BACKUP_VALUE 1
| #define SELECT_MASK_TYPE fd_set
| #define HAVE_TCSETATTR 1
| #define POSIX 1
| #define HAVE_TERMIO 1
| #define HAVE_TERMIOS 1
| /* end confdefs.h.  */
| 
| /* including termios.h on Solaris 5.6 fails unless inttypes.h included */
| #ifdef HAVE_INTTYPES_H
| #include <inttypes.h>
| #endif
| #include <termios.h>
| main() {
| #if defined(TCGETS) || defined(TCGETA)
| 	return 0;
| #else
| 	return 1;
| #endif
| }
configure:15254: result: no
configure:15255: checking if TIOCGWINSZ in termios.h
configure:15284: gcc -o conftest  -pipe   -Wl,--export-dynamic  conftest.c   -lutil -lm >&5
conftest.c:64:1: warning: return type defaults to 'int' [-Wimplicit-int]
   64 | main() {
      | ^~~~
configure:15287: $? = 0
configure:15289: ./conftest
configure:15292: $? = 1
configure: program exited with status 1
configure: failed program was:
| /* confdefs.h.  */
| 
| #define PACKAGE_NAME "expect"
| #define PACKAGE_TARNAME "expect"
| #define PACKAGE_VERSION "5.45"
| #define PACKAGE_STRING "expect 5.45"
| #define PACKAGE_BUGREPORT ""
| #define BUILD_expect
| #define STDC_HEADERS 1
| #define HAVE_SYS_TYPES_H 1
| #define HAVE_SYS_STAT_H 1
| #define HAVE_STDLIB_H 1
| #define HAVE_STRING_H 1
| #define HAVE_MEMORY_H 1
| #define HAVE_STRINGS_H 1
| #define HAVE_INTTYPES_H 1
| #define HAVE_STDINT_H 1
| #define HAVE_UNISTD_H 1
| #define HAVE_LIMITS_H 1
| #define HAVE_SYS_PARAM_H 1
| #define USE_THREAD_ALLOC 1
| #define _REENTRANT 1
| #define _THREAD_SAFE 1
| #define TCL_THREADS 1
| #define MODULE_SCOPE extern __attribute__((__visibility__("hidden")))
| #define _LARGEFILE64_SOURCE 1
| #define TCL_WIDE_INT_IS_LONG 1
| #define USE_TCL_STUBS 1
| #define USE_TCL_STUBS 1
| #define HAVE_SYS_SELECT_H 1
| #define HAVE_SYSMACROS_H 1
| #define HAVE_SYS_FCNTL_H 1
| #define RETSIGTYPE void
| #define HAVE_SYS_TIME_H 1
| #define TIME_WITH_SYS_TIME 1
| #define HAVE_STRUCT_TM_TM_ZONE 1
| #define HAVE_TM_ZONE 1
| #define HAVE_GMTIME_R 1
| #define HAVE_LOCALTIME_R 1
| #define HAVE_TM_GMTOFF 1
| #define HAVE_TIMEZONE_VAR 1
| #define NO_UNION_WAIT 1
| #define HAVE_OPENPTY 1
| #define HAVE_MEMMOVE 1
| #define HAVE_SYSCONF 1
| #define HAVE_STRFTIME 1
| #define HAVE_STRCHR 1
| #define HAVE_TIMEZONE 1
| #define HAVE_SIGLONGJMP 1
| #define HAVE_MEMCPY 1
| #define WNOHANG_BACKUP_VALUE 1
| #define SELECT_MASK_TYPE fd_set
| #define HAVE_TCSETATTR 1
| #define POSIX 1
| #define HAVE_TERMIO 1
| #define HAVE_TERMIOS 1
| /* end confdefs.h.  */
| 
| /* including termios.h on Solaris 5.6 fails unless inttypes.h included */
| #ifdef HAVE_INTTYPES_H
| #include <inttypes.h>
| #endif
| #include <termios.h>
| main() {
| #ifdef TIOCGWINSZ
| 	return 0;
| #else
| 	return 1;
| #endif
| }
configure:15307: result: no
configure:15309: checking for Cray-style ptys
configure:15335: gcc -o conftest  -pipe   -Wl,--export-dynamic  conftest.c   -lutil -lm >&5
conftest.c:59:1: warning: return type defaults to 'int' [-Wimplicit-int]
   59 | main(){
      | ^~~~
configure:15338: $? = 0
configure:15340: ./conftest
configure:15343: $? = 1
configure: program exited with status 1
configure: failed program was:
| /* confdefs.h.  */
| 
| #define PACKAGE_NAME "expect"
| #define PACKAGE_TARNAME "expect"
| #define PACKAGE_VERSION "5.45"
| #define PACKAGE_STRING "expect 5.45"
| #define PACKAGE_BUGREPORT ""
| #define BUILD_expect
| #define STDC_HEADERS 1
| #define HAVE_SYS_TYPES_H 1
| #define HAVE_SYS_STAT_H 1
| #define HAVE_STDLIB_H 1
| #define HAVE_STRING_H 1
| #define HAVE_MEMORY_H 1
| #define HAVE_STRINGS_H 1
| #define HAVE_INTTYPES_H 1
| #define HAVE_STDINT_H 1
| #define HAVE_UNISTD_H 1
| #define HAVE_LIMITS_H 1
| #define HAVE_SYS_PARAM_H 1
| #define USE_THREAD_ALLOC 1
| #define _REENTRANT 1
| #define _THREAD_SAFE 1
| #define TCL_THREADS 1
| #define MODULE_SCOPE extern __attribute__((__visibility__("hidden")))
| #define _LARGEFILE64_SOURCE 1
| #define TCL_WIDE_INT_IS_LONG 1
| #define USE_TCL_STUBS 1
| #define USE_TCL_STUBS 1
| #define HAVE_SYS_SELECT_H 1
| #define HAVE_SYSMACROS_H 1
| #define HAVE_SYS_FCNTL_H 1
| #define RETSIGTYPE void
| #define HAVE_SYS_TIME_H 1
| #define TIME_WITH_SYS_TIME 1
| #define HAVE_STRUCT_TM_TM_ZONE 1
| #define HAVE_TM_ZONE 1
| #define HAVE_GMTIME_R 1
| #define HAVE_LOCALTIME_R 1
| #define HAVE_TM_GMTOFF 1
| #define HAVE_TIMEZONE_VAR 1
| #define NO_UNION_WAIT 1
| #define HAVE_OPENPTY 1
| #define HAVE_MEMMOVE 1
| #define HAVE_SYSCONF 1
| #define HAVE_STRFTIME 1
| #define HAVE_STRCHR 1
| #define HAVE_TIMEZONE 1
| #define HAVE_SIGLONGJMP 1
| #define HAVE_MEMCPY 1
| #define WNOHANG_BACKUP_VALUE 1
| #define SELECT_MASK_TYPE fd_set
| #define HAVE_TCSETATTR 1
| #define POSIX 1
| #define HAVE_TERMIO 1
| #define HAVE_TERMIOS 1
| /* end confdefs.h.  */
| 
| main(){
| #ifdef CRAY
| 	return 0;
| #else
| 	return 1;
| #endif
| }
| 
configure:15356: result: no
configure:15364: checking for select
configure:15421: gcc -o conftest  -pipe   -Wl,--export-dynamic  conftest.c   -lutil -lm >&5
configure:15427: $? = 0
configure:15431: test -z 
			 || test ! -s conftest.err
configure:15434: $? = 0
configure:15437: test -s conftest
configure:15440: $? = 0
configure:15452: result: yes
configure:15458: checking for poll
configure:15515: gcc -o conftest  -pipe   -Wl,--export-dynamic  conftest.c   -lutil -lm >&5
configure:15521: $? = 0
configure:15525: test -z 
			 || test ! -s conftest.err
configure:15528: $? = 0
configure:15531: test -s conftest
configure:15534: $? = 0
configure:15546: result: yes
configure:15552: checking event handling
configure:15557: result: via select
configure:15579: checking for _getpty
configure:15636: gcc -o conftest  -pipe   -Wl,--export-dynamic  conftest.c   -lutil -lm >&5
/usr/bin/ld: /tmp/ccV29og2.o: in function `main':
conftest.c:(.text+0x12): undefined reference to `_getpty'
/usr/bin/ld: /tmp/ccV29og2.o:(.data.rel+0x0): undefined reference to `_getpty'
collect2: error: ld returned 1 exit status
configure:15642: $? = 1
configure: failed program was:
| /* confdefs.h.  */
| 
| #define PACKAGE_NAME "expect"
| #define PACKAGE_TARNAME "expect"
| #define PACKAGE_VERSION "5.45"
| #define PACKAGE_STRING "expect 5.45"
| #define PACKAGE_BUGREPORT ""
| #define BUILD_expect
| #define STDC_HEADERS 1
| #define HAVE_SYS_TYPES_H 1
| #define HAVE_SYS_STAT_H 1
| #define HAVE_STDLIB_H 1
| #define HAVE_STRING_H 1
| #define HAVE_MEMORY_H 1
| #define HAVE_STRINGS_H 1
| #define HAVE_INTTYPES_H 1
| #define HAVE_STDINT_H 1
| #define HAVE_UNISTD_H 1
| #define HAVE_LIMITS_H 1
| #define HAVE_SYS_PARAM_H 1
| #define USE_THREAD_ALLOC 1
| #define _REENTRANT 1
| #define _THREAD_SAFE 1
| #define TCL_THREADS 1
| #define MODULE_SCOPE extern __attribute__((__visibility__("hidden")))
| #define _LARGEFILE64_SOURCE 1
| #define TCL_WIDE_INT_IS_LONG 1
| #define USE_TCL_STUBS 1
| #define USE_TCL_STUBS 1
| #define HAVE_SYS_SELECT_H 1
| #define HAVE_SYSMACROS_H 1
| #define HAVE_SYS_FCNTL_H 1
| #define RETSIGTYPE void
| #define HAVE_SYS_TIME_H 1
| #define TIME_WITH_SYS_TIME 1
| #define HAVE_STRUCT_TM_TM_ZONE 1
| #define HAVE_TM_ZONE 1
| #define HAVE_GMTIME_R 1
| #define HAVE_LOCALTIME_R 1
| #define HAVE_TM_GMTOFF 1
| #define HAVE_TIMEZONE_VAR 1
| #define NO_UNION_WAIT 1
| #define HAVE_OPENPTY 1
| #define HAVE_MEMMOVE 1
| #define HAVE_SYSCONF 1
| #define HAVE_STRFTIME 1
| #define HAVE_STRCHR 1
| #define HAVE_TIMEZONE 1
| #define HAVE_SIGLONGJMP 1
| #define HAVE_MEMCPY 1
| #define WNOHANG_BACKUP_VALUE 1
| #define SELECT_MASK_TYPE fd_set
| #define HAVE_TCSETATTR 1
| #define POSIX 1
| #define HAVE_TERMIO 1
| #define HAVE_TERMIOS 1
| /* end confdefs.h.  */
| /* Define _getpty to an innocuous variant, in case <limits.h> declares _getpty.
|    For example, HP-UX 11i <limits.h> declares gettimeofday.  */
| #define _getpty innocuous__getpty
| 
| /* System header to define __stub macros and hopefully few prototypes,
|     which can conflict with char _getpty (); below.
|     Prefer <limits.h> to <assert.h> if __STDC__ is defined, since
|     <limits.h> exists even on freestanding compilers.  */
| 
| #ifdef __STDC__
| # include <limits.h>
| #else
| # include <assert.h>
| #endif
| 
| #undef _getpty
| 
| /* Override any gcc2 internal prototype to avoid an error.  */
| #ifdef __cplusplus
| extern "C"
| {
| #endif
| /* We use char because int might match the return type of a gcc2
|    builtin and then its argument prototype would still apply.  */
| char _getpty ();
| /* The GNU C library defines this for functions which it implements
|     to always fail with ENOSYS.  Some functions are actually named
|     something starting with __ and the normal name is an alias.  */
| #if defined (__stub__getpty) || defined (__stub____getpty)
| choke me
| #else
| char (*f) () = _getpty;
| #endif
| #ifdef __cplusplus
| }
| #endif
| 
| int
| main ()
| {
| return f != _getpty;
|   ;
|   return 0;
| }
configure:15667: result: no
configure:15681: checking for getpty
configure:15738: gcc -o conftest  -pipe   -Wl,--export-dynamic  conftest.c   -lutil -lm >&5
/usr/bin/ld: /tmp/cclYnJER.o: in function `main':
conftest.c:(.text+0x12): undefined reference to `getpty'
/usr/bin/ld: /tmp/cclYnJER.o:(.data.rel+0x0): undefined reference to `getpty'
collect2: error: ld returned 1 exit status
configure:15744: $? = 1
configure: failed program was:
| /* confdefs.h.  */
| 
| #define PACKAGE_NAME "expect"
| #define PACKAGE_TARNAME "expect"
| #define PACKAGE_VERSION "5.45"
| #define PACKAGE_STRING "expect 5.45"
| #define PACKAGE_BUGREPORT ""
| #define BUILD_expect
| #define STDC_HEADERS 1
| #define HAVE_SYS_TYPES_H 1
| #define HAVE_SYS_STAT_H 1
| #define HAVE_STDLIB_H 1
| #define HAVE_STRING_H 1
| #define HAVE_MEMORY_H 1
| #define HAVE_STRINGS_H 1
| #define HAVE_INTTYPES_H 1
| #define HAVE_STDINT_H 1
| #define HAVE_UNISTD_H 1
| #define HAVE_LIMITS_H 1
| #define HAVE_SYS_PARAM_H 1
| #define USE_THREAD_ALLOC 1
| #define _REENTRANT 1
| #define _THREAD_SAFE 1
| #define TCL_THREADS 1
| #define MODULE_SCOPE extern __attribute__((__visibility__("hidden")))
| #define _LARGEFILE64_SOURCE 1
| #define TCL_WIDE_INT_IS_LONG 1
| #define USE_TCL_STUBS 1
| #define USE_TCL_STUBS 1
| #define HAVE_SYS_SELECT_H 1
| #define HAVE_SYSMACROS_H 1
| #define HAVE_SYS_FCNTL_H 1
| #define RETSIGTYPE void
| #define HAVE_SYS_TIME_H 1
| #define TIME_WITH_SYS_TIME 1
| #define HAVE_STRUCT_TM_TM_ZONE 1
| #define HAVE_TM_ZONE 1
| #define HAVE_GMTIME_R 1
| #define HAVE_LOCALTIME_R 1
| #define HAVE_TM_GMTOFF 1
| #define HAVE_TIMEZONE_VAR 1
| #define NO_UNION_WAIT 1
| #define HAVE_OPENPTY 1
| #define HAVE_MEMMOVE 1
| #define HAVE_SYSCONF 1
| #define HAVE_STRFTIME 1
| #define HAVE_STRCHR 1
| #define HAVE_TIMEZONE 1
| #define HAVE_SIGLONGJMP 1
| #define HAVE_MEMCPY 1
| #define WNOHANG_BACKUP_VALUE 1
| #define SELECT_MASK_TYPE fd_set
| #define HAVE_TCSETATTR 1
| #define POSIX 1
| #define HAVE_TERMIO 1
| #define HAVE_TERMIOS 1
| /* end confdefs.h.  */
| /* Define getpty to an innocuous variant, in case <limits.h> declares getpty.
|    For example, HP-UX 11i <limits.h> declares gettimeofday.  */
| #define getpty innocuous_getpty
| 
| /* System header to define __stub macros and hopefully few prototypes,
|     which can conflict with char getpty (); below.
|     Prefer <limits.h> to <assert.h> if __STDC__ is defined, since
|     <limits.h> exists even on freestanding compilers.  */
| 
| #ifdef __STDC__
| # include <limits.h>
| #else
| # include <assert.h>
| #endif
| 
| #undef getpty
| 
| /* Override any gcc2 internal prototype to avoid an error.  */
| #ifdef __cplusplus
| extern "C"
| {
| #endif
| /* We use char because int might match the return type of a gcc2
|    builtin and then its argument prototype would still apply.  */
| char getpty ();
| /* The GNU C library defines this for functions which it implements
|     to always fail with ENOSYS.  Some functions are actually named
|     something starting with __ and the normal name is an alias.  */
| #if defined (__stub_getpty) || defined (__stub___getpty)
| choke me
| #else
| char (*f) () = getpty;
| #endif
| #ifdef __cplusplus
| }
| #endif
| 
| int
| main ()
| {
| return f != getpty;
|   ;
|   return 0;
| }
configure:15769: result: no
configure:15781: checking whether setpgrp takes no argument
configure:15813: gcc -o conftest  -pipe   -Wl,--export-dynamic  conftest.c   -lutil -lm >&5
conftest.c: In function 'main':
conftest.c:68:3: warning: implicit declaration of function 'exit' [-Wimplicit-function-declaration]
   68 |   exit (setpgrp (1,1) == -1 ? 0 : 1);
      |   ^~~~
conftest.c:68:3: warning: incompatible implicit declaration of built-in function 'exit'
conftest.c:60:1: note: include '<stdlib.h>' or provide a declaration of 'exit'
   59 | # include <unistd.h>
  +++ |+#include <stdlib.h>
   60 | #endif
conftest.c:68:9: error: too many arguments to function 'setpgrp'
   68 |   exit (setpgrp (1,1) == -1 ? 0 : 1);
      |         ^~~~~~~
In file included from conftest.c:59:
/usr/include/unistd.h:660:12: note: declared here
  660 | extern int setpgrp (void) __THROW;
      |            ^~~~~~~
configure:15816: $? = 1
configure: program exited with status 1
configure: failed program was:
| /* confdefs.h.  */
| 
| #define PACKAGE_NAME "expect"
| #define PACKAGE_TARNAME "expect"
| #define PACKAGE_VERSION "5.45"
| #define PACKAGE_STRING "expect 5.45"
| #define PACKAGE_BUGREPORT ""
| #define BUILD_expect
| #define STDC_HEADERS 1
| #define HAVE_SYS_TYPES_H 1
| #define HAVE_SYS_STAT_H 1
| #define HAVE_STDLIB_H 1
| #define HAVE_STRING_H 1
| #define HAVE_MEMORY_H 1
| #define HAVE_STRINGS_H 1
| #define HAVE_INTTYPES_H 1
| #define HAVE_STDINT_H 1
| #define HAVE_UNISTD_H 1
| #define HAVE_LIMITS_H 1
| #define HAVE_SYS_PARAM_H 1
| #define USE_THREAD_ALLOC 1
| #define _REENTRANT 1
| #define _THREAD_SAFE 1
| #define TCL_THREADS 1
| #define MODULE_SCOPE extern __attribute__((__visibility__("hidden")))
| #define _LARGEFILE64_SOURCE 1
| #define TCL_WIDE_INT_IS_LONG 1
| #define USE_TCL_STUBS 1
| #define USE_TCL_STUBS 1
| #define HAVE_SYS_SELECT_H 1
| #define HAVE_SYSMACROS_H 1
| #define HAVE_SYS_FCNTL_H 1
| #define RETSIGTYPE void
| #define HAVE_SYS_TIME_H 1
| #define TIME_WITH_SYS_TIME 1
| #define HAVE_STRUCT_TM_TM_ZONE 1
| #define HAVE_TM_ZONE 1
| #define HAVE_GMTIME_R 1
| #define HAVE_LOCALTIME_R 1
| #define HAVE_TM_GMTOFF 1
| #define HAVE_TIMEZONE_VAR 1
| #define NO_UNION_WAIT 1
| #define HAVE_OPENPTY 1
| #define HAVE_MEMMOVE 1
| #define HAVE_SYSCONF 1
| #define HAVE_STRFTIME 1
| #define HAVE_STRCHR 1
| #define HAVE_TIMEZONE 1
| #define HAVE_SIGLONGJMP 1
| #define HAVE_MEMCPY 1
| #define WNOHANG_BACKUP_VALUE 1
| #define SELECT_MASK_TYPE fd_set
| #define HAVE_TCSETATTR 1
| #define POSIX 1
| #define HAVE_TERMIO 1
| #define HAVE_TERMIOS 1
| /* end confdefs.h.  */
| #if HAVE_UNISTD_H
| # include <unistd.h>
| #endif
| 
| int
| main ()
| {
| /* If this system has a BSD-style setpgrp which takes arguments,
|   setpgrp(1, 1) will fail with ESRCH and return -1, in that case
|   exit successfully. */
|   exit (setpgrp (1,1) == -1 ? 0 : 1);
|   ;
|   return 0;
| }
configure:15830: result: yes
configure:15844: checking for SV-style timezone
configure:15870: gcc -o conftest  -pipe   -Wl,--export-dynamic  conftest.c   -lutil -lm >&5
conftest.c:62:1: warning: return type defaults to 'int' [-Wimplicit-int]
   62 | main()
      | ^~~~
conftest.c: In function 'main':
conftest.c:67:3: warning: implicit declaration of function 'exit' [-Wimplicit-function-declaration]
   67 |   exit(0);
      |   ^~~~
conftest.c:67:3: warning: incompatible implicit declaration of built-in function 'exit'
conftest.c:1:1: note: include '<stdlib.h>' or provide a declaration of 'exit'
  +++ |+#include <stdlib.h>
    1 | /* confdefs.h.  */
configure:15873: $? = 0
configure:15875: ./conftest
configure:15878: $? = 0
configure:15884: result: yes
configure:15919: checking for long file names
configure:15958: result: yes
configure:16363: checking for tclsh
configure:16390: result: /usr/local/bin/tclsh8.4
configure:16531: creating ./config.status

## ---------------------- ##
## Running config.status. ##
## ---------------------- ##

This file was extended by expect config.status 5.45, which was
generated by GNU Autoconf 2.59.  Invocation command line was

  CONFIG_FILES    = 
  CONFIG_HEADERS  = 
  CONFIG_LINKS    = 
  CONFIG_COMMANDS = 
  $ ./config.status 

on WBMt7PDd

config.status:710: creating Makefile
config.status:893: executing default commands
configure:17568: configuring in testsuite
configure:17685: running /bin/bash './configure' --prefix=/usr/local  '--with-tclinclude=/root/no_ssh_cluster/expect/tcl8.4.19/generic/' '--with-tclconfig=/usr/local/lib/' --cache-file=/dev/null --srcdir=.

## ---------------- ##
## Cache variables. ##
## ---------------- ##

ac_cv_build=x86_64-unknown-linux-gnu
ac_cv_build_alias=x86_64-unknown-linux-gnu
ac_cv_c_bigendian=no
ac_cv_c_compiler_gnu=yes
ac_cv_c_tclconfig=/usr/local/lib
ac_cv_c_tclh=/root/no_ssh_cluster/expect/tcl8.4.19/generic/
ac_cv_env_CC_set=
ac_cv_env_CC_value=
ac_cv_env_CFLAGS_set=
ac_cv_env_CFLAGS_value=
ac_cv_env_CPPFLAGS_set=
ac_cv_env_CPPFLAGS_value=
ac_cv_env_CPP_set=
ac_cv_env_CPP_value=
ac_cv_env_LDFLAGS_set=
ac_cv_env_LDFLAGS_value=
ac_cv_env_build_alias_set=
ac_cv_env_build_alias_value=
ac_cv_env_host_alias_set=
ac_cv_env_host_alias_value=
ac_cv_env_target_alias_set=
ac_cv_env_target_alias_value=
ac_cv_exeext=
ac_cv_func__getpty=no
ac_cv_func_connect=yes
ac_cv_func_gethostbyname=yes
ac_cv_func_gethostname=yes
ac_cv_func_getpseudotty=no
ac_cv_func_getpty=no
ac_cv_func_gmtime_r=yes
ac_cv_func_localtime_r=yes
ac_cv_func_memmove=yes
ac_cv_func_openpty=no
ac_cv_func_poll=yes
ac_cv_func_select=yes
ac_cv_func_setpgrp_void=yes
ac_cv_func_siglongjmp=yes
ac_cv_func_sin=no
ac_cv_func_socket=yes
ac_cv_func_strchr=yes
ac_cv_func_strftime=yes
ac_cv_func_sysconf=yes
ac_cv_func_tcgetattr=yes
ac_cv_func_tcsetattr=yes
ac_cv_func_timezone=yes
ac_cv_header_dlfcn_h=yes
ac_cv_header_errno_h=yes
ac_cv_header_float_h=yes
ac_cv_header_inttypes_h=yes
ac_cv_header_limits_h=yes
ac_cv_header_memory_h=yes
ac_cv_header_net_errno_h=no
ac_cv_header_stdc=yes
ac_cv_header_stdint_h=yes
ac_cv_header_stdlib_h=yes
ac_cv_header_string_h=yes
ac_cv_header_strings_h=yes
ac_cv_header_sys_fcntl_h=yes
ac_cv_header_sys_param_h=yes
ac_cv_header_sys_ptem_h=no
ac_cv_header_sys_select_h=yes
ac_cv_header_sys_stat_h=yes
ac_cv_header_sys_stropts_h=no
ac_cv_header_sys_strpty_h=no
ac_cv_header_sys_strredir_h=no
ac_cv_header_sys_sysconfig_h=no
ac_cv_header_sys_sysmacros_h=yes
ac_cv_header_sys_time_h=yes
ac_cv_header_sys_types_h=yes
ac_cv_header_sys_wait_h=yes
ac_cv_header_time=yes
ac_cv_header_unistd_h=yes
ac_cv_header_values_h=yes
ac_cv_header_varargs_h=no
ac_cv_host=x86_64-unknown-linux-gnu
ac_cv_host_alias=x86_64-unknown-linux-gnu
ac_cv_lib_ieee_main=no
ac_cv_lib_inet_main=no
ac_cv_lib_pthread_pthread_mutex_init=yes
ac_cv_lib_seq_getpseudotty=no
ac_cv_lib_util_openpty=yes
ac_cv_member_struct_tm_tm_zone=yes
ac_cv_objext=o
ac_cv_path_install='/usr/bin/install -c'
ac_cv_prog_AR=ar
ac_cv_prog_CPP='gcc -E'
ac_cv_prog_ac_ct_CC=gcc
ac_cv_prog_ac_ct_RANLIB=ranlib
ac_cv_prog_cc_g=yes
ac_cv_prog_cc_stdc=
ac_cv_prog_egrep='grep -E'
ac_cv_prog_make_make_set=yes
ac_cv_struct_tm=time.h
ac_cv_sys_long_file_names=yes
ac_cv_target=x86_64-unknown-linux-gnu
ac_cv_target_alias=x86_64-unknown-linux-gnu
ac_cv_type_pid_t=yes
ac_cv_type_signal=void
tcl_cv_cc_pipe=yes
tcl_cv_cc_visibility_hidden=yes
tcl_cv_dirent_h=yes
tcl_cv_flag__isoc99_source=no
tcl_cv_flag__largefile64_source=yes
tcl_cv_flag__largefile_source64=no
tcl_cv_member_tm_gmtoff=yes
tcl_cv_member_tm_tzadj=no
tcl_cv_sys_version=Linux-5.4.0-89-generic
tcl_cv_timezone_long=yes
tcl_cv_type_64bit=none
tcl_cv_union_wait=no

## ----------------- ##
## Output variables. ##
## ----------------- ##

AR='ar'
CC='gcc'
CELIB_DIR=''
CFLAGS=' -pipe ${CFLAGS_DEFAULT} ${CFLAGS_WARNING} ${SHLIB_CFLAGS} '
CFLAGS_DEBUG='-g'
CFLAGS_DEFAULT='-O2 -fomit-frame-pointer'
CFLAGS_OPTIMIZE='-O2 -fomit-frame-pointer'
CFLAGS_WARNING='-Wall'
CLEANFILES=' pkgIndex.tcl'
CPP='gcc -E'
CPPFLAGS=''
CYGPATH='echo'
DEFAULT_STTY_ARGS='sane'
DEFS='-DPACKAGE_NAME=\"expect\" -DPACKAGE_TARNAME=\"expect\" -DPACKAGE_VERSION=\"5.45\" -DPACKAGE_STRING=\"expect\ 5.45\" -DPACKAGE_BUGREPORT=\"\" -DBUILD_expect= -DSTDC_HEADERS=1 -DHAVE_SYS_TYPES_H=1 -DHAVE_SYS_STAT_H=1 -DHAVE_STDLIB_H=1 -DHAVE_STRING_H=1 -DHAVE_MEMORY_H=1 -DHAVE_STRINGS_H=1 -DHAVE_INTTYPES_H=1 -DHAVE_STDINT_H=1 -DHAVE_UNISTD_H=1 -DHAVE_LIMITS_H=1 -DHAVE_SYS_PARAM_H=1 -DUSE_THREAD_ALLOC=1 -D_REENTRANT=1 -D_THREAD_SAFE=1 -DTCL_THREADS=1 -DMODULE_SCOPE=extern\ __attribute__\(\(__visibility__\(\"hidden\"\)\)\) -D_LARGEFILE64_SOURCE=1 -DTCL_WIDE_INT_IS_LONG=1 -DUSE_TCL_STUBS=1 -DUSE_TCL_STUBS=1 -DHAVE_SYS_SELECT_H=1 -DHAVE_SYSMACROS_H=1 -DHAVE_SYS_FCNTL_H=1 -DRETSIGTYPE=void -DHAVE_SYS_TIME_H=1 -DTIME_WITH_SYS_TIME=1 -DHAVE_STRUCT_TM_TM_ZONE=1 -DHAVE_TM_ZONE=1 -DHAVE_GMTIME_R=1 -DHAVE_LOCALTIME_R=1 -DHAVE_TM_GMTOFF=1 -DHAVE_TIMEZONE_VAR=1 -DNO_UNION_WAIT=1 -DHAVE_OPENPTY=1 -DHAVE_MEMMOVE=1 -DHAVE_SYSCONF=1 -DHAVE_STRFTIME=1 -DHAVE_STRCHR=1 -DHAVE_TIMEZONE=1 -DHAVE_SIGLONGJMP=1 -DHAVE_MEMCPY=1 -DWNOHANG_BACKUP_VALUE=1 -DSELECT_MASK_TYPE=fd_set -DHAVE_TCSETATTR=1 -DPOSIX=1 -DHAVE_TERMIO=1 -DHAVE_TERMIOS=1 -DSETPGRP_VOID=1 -DHAVE_SV_TIMEZONE=1 -DHAVE_LONG_FILE_NAMES=1 '
ECHO_C=''
ECHO_N='-n'
ECHO_T=''
EGREP='grep -E'
EXEEXT=''
EXP_BUILD_LIB_SPEC='-L/root/no_ssh_cluster/expect/expect5.45 -lexpect5.45'
EXP_CC_SEARCH_FLAGS='-Wl,-rpath,${LIB_RUNTIME_DIR}/${PACKAGE_NAME}${PACKAGE_VERSION}'
INSTALL_DATA='${INSTALL} -m 644'
INSTALL_PROGRAM='${INSTALL}'
INSTALL_SCRIPT='${INSTALL}'
LDFLAGS=' -Wl,--export-dynamic '
LDFLAGS_DEFAULT=' -Wl,--export-dynamic '
LD_LIBRARY_PATH_VAR='LD_LIBRARY_PATH'
LIBOBJS=''
LIBS='  -lutil -lm -Wl,-rpath,${LIB_RUNTIME_DIR}'
LTLIBOBJS=''
MAKE_LIB='${SHLIB_LD} -o $@ $(PKG_OBJECTS) ${SHLIB_LD_LIBS} '
MAKE_SHARED_LIB='${SHLIB_LD} -o $@ $(PKG_OBJECTS) ${SHLIB_LD_LIBS}'
MAKE_STATIC_LIB='${STLIB_LD} $@ $(PKG_OBJECTS)'
MAKE_STUB_LIB='${STLIB_LD} $@ $(PKG_STUB_OBJECTS)'
MATH_LIBS='-lm'
OBJEXT='o'
PACKAGE_BUGREPORT=''
PACKAGE_NAME='expect'
PACKAGE_STRING='expect 5.45'
PACKAGE_TARNAME='expect'
PACKAGE_VERSION='5.45'
PATH_SEPARATOR=':'
PKG_CFLAGS=' -DTCL_DEBUGGER -DUSE_NON_CONST -DSCRIPTDIR=\"${DESTDIR}${prefix}/lib/${PKG_DIR}\" -DEXECSCRIPTDIR=\"${DESTDIR}${pkglibdir}\" -DSTTY_BIN=\"/bin/stty\" -DDFLT_STTY="\"sane\""'
PKG_HEADERS=' expect.h expect_tcl.h expect_comm.h tcldbg.h'
PKG_INCLUDES=' -I. -I"."'
PKG_LIBS=''
PKG_LIB_FILE='libexpect5.45.so'
PKG_OBJECTS=' exp_command.o expect.o exp_inter.o exp_regexp.o exp_tty.o exp_log.o exp_main_sub.o exp_pty.o exp_trap.o exp_strf.o exp_console.o exp_glob.o exp_win.o exp_clib.o exp_closetcl.o exp_memmove.o exp_tty_comm.o exp_chan.o Dbg.o pty_termios.o exp_select.o exp_event.o'
PKG_SOURCES=' exp_command.c expect.c exp_inter.c exp_regexp.c exp_tty.c exp_log.c exp_main_sub.c exp_pty.c exp_trap.c exp_strf.c exp_console.c exp_glob.c exp_win.c exp_clib.c exp_closetcl.c exp_memmove.c exp_tty_comm.c exp_chan.c Dbg.c pty_termios.c exp_select.c exp_event.c'
PKG_STUB_LIB_FILE='libexpectstub5.45.a'
PKG_STUB_OBJECTS=''
PKG_STUB_SOURCES=''
PKG_TCL_SOURCES=''
RANLIB=':'
RANLIB_STUB='ranlib'
SETPGRP_VOID=''
SETUID=':'
SET_MAKE=''
SHARED_BUILD='1'
SHELL='/bin/bash'
SHLIB_CFLAGS='-fPIC'
SHLIB_LD='${CC} -shared ${CFLAGS} ${LDFLAGS_DEFAULT}'
SHLIB_LD_LIBS='${LIBS} -L/usr/local/lib -ltclstub8.4'
STLIB_LD='${AR} cr'
TCLSH_PROG='/usr/local/bin/tclsh8.4'
TCL_BIN_DIR='/usr/local/lib'
TCL_CC_SEARCH_FLAGS='-Wl,-rpath,${LIB_RUNTIME_DIR}'
TCL_DBGX=''
TCL_DEFS='-DHAVE_LIMITS_H=1 -DHAVE_UNISTD_H=1 -DHAVE_SYS_PARAM_H=1 -DPEEK_XCLOSEIM=1 -D_LARGEFILE64_SOURCE=1 -DTCL_WIDE_INT_IS_LONG=1 -DHAVE_GETCWD=1 -DHAVE_OPENDIR=1 -DHAVE_STRSTR=1 -DHAVE_STRTOL=1 -DHAVE_STRTOLL=1 -DHAVE_STRTOULL=1 -DHAVE_TMPNAM=1 -DHAVE_WAITPID=1 -DUSE_TERMIOS=1 -DHAVE_SYS_TIME_H=1 -DTIME_WITH_SYS_TIME=1 -DHAVE_TM_ZONE=1 -DHAVE_GMTIME_R=1 -DHAVE_LOCALTIME_R=1 -DHAVE_TM_GMTOFF=1 -DHAVE_TIMEZONE_VAR=1 -DHAVE_ST_BLKSIZE=1 -DSTDC_HEADERS=1 -DNO_UNION_WAIT=1 -DHAVE_SIGNED_CHAR=1 -DHAVE_LANGINFO=1 -DHAVE_FTS=1 -DHAVE_SYS_IOCTL_H=1 '
TCL_DL_LIBS='-ldl'
TCL_EXTRA_CFLAGS=' -pipe '
TCL_INCLUDES='-I"/root/no_ssh_cluster/expect/tcl8.4.19/generic" -I"/root/no_ssh_cluster/expect/tcl8.4.19/unix"'
TCL_LD_FLAGS=' -Wl,--export-dynamic'
TCL_LIBS='${DL_LIBS} ${LIBS} ${MATH_LIBS}'
TCL_LIB_FILE='libtcl8.4.so'
TCL_LIB_FLAG='-ltcl8.4'
TCL_LIB_SPEC='-L/usr/local/lib -ltcl8.4'
TCL_PATCH_LEVEL='.19'
TCL_SHLIB_LD_LIBS='${LIBS}'
TCL_SRC_DIR='/root/no_ssh_cluster/expect/tcl8.4.19'
TCL_STUB_LIB_FILE='libtclstub8.4.a'
TCL_STUB_LIB_FLAG='-ltclstub8.4'
TCL_STUB_LIB_SPEC='-L/usr/local/lib -ltclstub8.4'
TCL_THREADS='1'
TCL_TOP_DIR_NATIVE='"/root/no_ssh_cluster/expect/tcl8.4.19"'
TCL_VERSION='8.4'
VC_MANIFEST_EMBED_DLL=''
VC_MANIFEST_EMBED_EXE=''
ac_ct_CC='gcc'
ac_ct_RANLIB='ranlib'
bindir='${exec_prefix}/bin'
build='x86_64-unknown-linux-gnu'
build_alias=''
build_cpu='x86_64'
build_os='linux-gnu'
build_vendor='unknown'
datadir='${prefix}/share'
exec_prefix='/usr/local'
host='x86_64-unknown-linux-gnu'
host_alias=''
host_cpu='x86_64'
host_os='linux-gnu'
host_vendor='unknown'
includedir='${prefix}/include'
infodir='${prefix}/info'
libdir='${exec_prefix}/lib'
libexecdir='${exec_prefix}/libexec'
localstatedir='${prefix}/var'
mandir='${prefix}/man'
oldincludedir='/usr/include'
prefix='/usr/local'
program_transform_name='s,x,x,'
sbindir='${exec_prefix}/sbin'
sharedstatedir='${prefix}/com'
subdirs=' testsuite'
sysconfdir='${prefix}/etc'
target='x86_64-unknown-linux-gnu'
target_alias=''
target_cpu='x86_64'
target_os='linux-gnu'
target_vendor='unknown'

## ----------- ##
## confdefs.h. ##
## ----------- ##

#define BUILD_expect
#define HAVE_GMTIME_R 1
#define HAVE_INTTYPES_H 1
#define HAVE_LIMITS_H 1
#define HAVE_LOCALTIME_R 1
#define HAVE_LONG_FILE_NAMES 1
#define HAVE_MEMCPY 1
#define HAVE_MEMMOVE 1
#define HAVE_MEMORY_H 1
#define HAVE_OPENPTY 1
#define HAVE_SIGLONGJMP 1
#define HAVE_STDINT_H 1
#define HAVE_STDLIB_H 1
#define HAVE_STRCHR 1
#define HAVE_STRFTIME 1
#define HAVE_STRINGS_H 1
#define HAVE_STRING_H 1
#define HAVE_STRUCT_TM_TM_ZONE 1
#define HAVE_SV_TIMEZONE 1
#define HAVE_SYSCONF 1
#define HAVE_SYSMACROS_H 1
#define HAVE_SYS_FCNTL_H 1
#define HAVE_SYS_PARAM_H 1
#define HAVE_SYS_SELECT_H 1
#define HAVE_SYS_STAT_H 1
#define HAVE_SYS_TIME_H 1
#define HAVE_SYS_TYPES_H 1
#define HAVE_TCSETATTR 1
#define HAVE_TERMIO 1
#define HAVE_TERMIOS 1
#define HAVE_TIMEZONE 1
#define HAVE_TIMEZONE_VAR 1
#define HAVE_TM_GMTOFF 1
#define HAVE_TM_ZONE 1
#define HAVE_UNISTD_H 1
#define MODULE_SCOPE extern __attribute__((__visibility__("hidden")))
#define NO_UNION_WAIT 1
#define PACKAGE_BUGREPORT ""
#define PACKAGE_NAME "expect"
#define PACKAGE_STRING "expect 5.45"
#define PACKAGE_TARNAME "expect"
#define PACKAGE_VERSION "5.45"
#define POSIX 1
#define RETSIGTYPE void
#define SELECT_MASK_TYPE fd_set
#define SETPGRP_VOID 1
#define STDC_HEADERS 1
#define TCL_THREADS 1
#define TCL_WIDE_INT_IS_LONG 1
#define TIME_WITH_SYS_TIME 1
#define USE_TCL_STUBS 1
#define USE_TCL_STUBS 1
#define USE_THREAD_ALLOC 1
#define WNOHANG_BACKUP_VALUE 1
#define _LARGEFILE64_SOURCE 1
#define _REENTRANT 1
#define _THREAD_SAFE 1

configure: exit 0
