This file contains any messages produced by compilers while
running configure, to aid debugging if configure makes a mistake.

It was created by exp_test configure 0.43, which was
generated by GNU Autoconf 2.59.  Invocation command line was

  $ ./configure --prefix=/usr/local --with-tclinclude=/root/no_ssh_cluster/expect/tcl8.4.19/generic/ --with-tclconfig=/usr/local/lib/ --cache-file=/dev/null --srcdir=.

## --------- ##
## Platform. ##
## --------- ##

hostname = WBMt7PDd
uname -m = x86_64
uname -r = 5.4.0-89-generic
uname -s = Linux
uname -v = #100-Ubuntu SMP Fri Sep 24 14:50:10 UTC 2021

/usr/bin/uname -p = x86_64
/bin/uname -X     = unknown

/bin/arch              = x86_64
/usr/bin/arch -k       = unknown
/usr/convex/getsysinfo = unknown
hostinfo               = unknown
/bin/machine           = unknown
/usr/bin/oslevel       = unknown
/bin/universe          = unknown

PATH: /opt/kube/bin
PATH: /usr/local/sbin
PATH: /usr/local/bin
PATH: /usr/sbin
PATH: /usr/bin
PATH: /sbin
PATH: /bin
PATH: /usr/games
PATH: /usr/local/games
PATH: /snap/bin


## ----------- ##
## Core tests. ##
## ----------- ##

configure:1308: checking for correct TEA configuration
configure:1327: result: ok (TEA 3.9)
configure:1392: configuring exp_test 0.43
configure:1457: checking for Tcl configuration
configure:1584: result: found /usr/local/lib/tclConfig.sh
configure:1590: checking for existence of /usr/local/lib/tclConfig.sh
configure:1594: result: loading
configure:1758: checking for gcc
configure:1774: found /usr/bin/gcc
configure:1784: result: gcc
configure:2028: checking for C compiler version
configure:2031: gcc --version </dev/null >&5
gcc (Ubuntu 9.3.0-17ubuntu1~20.04) 9.3.0
Copyright (C) 2019 Free Software Foundation, Inc.
This is free software; see the source for copying conditions.  There is NO
warranty; not even for MERCHANTABILITY or FITNESS FOR A PARTICULAR PURPOSE.

configure:2034: $? = 0
configure:2036: gcc -v </dev/null >&5
Using built-in specs.
COLLECT_GCC=gcc
COLLECT_LTO_WRAPPER=/usr/lib/gcc/x86_64-linux-gnu/9/lto-wrapper
OFFLOAD_TARGET_NAMES=nvptx-none:hsa
OFFLOAD_TARGET_DEFAULT=1
Target: x86_64-linux-gnu
Configured with: ../src/configure -v --with-pkgversion='Ubuntu 9.3.0-17ubuntu1~20.04' --with-bugurl=file:///usr/share/doc/gcc-9/README.Bugs --enable-languages=c,ada,c++,go,brig,d,fortran,objc,obj-c++,gm2 --prefix=/usr --with-gcc-major-version-only --program-suffix=-9 --program-prefix=x86_64-linux-gnu- --enable-shared --enable-linker-build-id --libexecdir=/usr/lib --without-included-gettext --enable-threads=posix --libdir=/usr/lib --enable-nls --enable-clocale=gnu --enable-libstdcxx-debug --enable-libstdcxx-time=yes --with-default-libstdcxx-abi=new --enable-gnu-unique-object --disable-vtable-verify --enable-plugin --enable-default-pie --with-system-zlib --with-target-system-zlib=auto --enable-objc-gc=auto --enable-multiarch --disable-werror --with-arch-32=i686 --with-abi=m64 --with-multilib-list=m32,m64,mx32 --enable-multilib --with-tune=generic --enable-offload-targets=nvptx-none=/build/gcc-9-HskZEa/gcc-9-9.3.0/debian/tmp-nvptx/usr,hsa --without-cuda-driver --enable-checking=release --build=x86_64-linux-gnu --host=x86_64-linux-gnu --target=x86_64-linux-gnu
Thread model: posix
gcc version 9.3.0 (Ubuntu 9.3.0-17ubuntu1~20.04) 
configure:2039: $? = 0
configure:2041: gcc -V </dev/null >&5
gcc: error: unrecognized command line option '-V'
gcc: fatal error: no input files
compilation terminated.
configure:2044: $? = 1
configure:2067: checking for C compiler default output file name
configure:2070: gcc    conftest.c  >&5
configure:2073: $? = 0
configure:2119: result: a.out
configure:2124: checking whether the C compiler works
configure:2130: ./a.out
configure:2133: $? = 0
configure:2150: result: yes
configure:2157: checking whether we are cross compiling
configure:2159: result: no
configure:2162: checking for suffix of executables
configure:2164: gcc -o conftest    conftest.c  >&5
configure:2167: $? = 0
configure:2192: result: 
configure:2198: checking for suffix of object files
configure:2219: gcc -c   conftest.c >&5
configure:2222: $? = 0
configure:2244: result: o
configure:2248: checking whether we are using the GNU C compiler
configure:2272: gcc -c   conftest.c >&5
configure:2278: $? = 0
configure:2282: test -z 
			 || test ! -s conftest.err
configure:2285: $? = 0
configure:2288: test -s conftest.o
configure:2291: $? = 0
configure:2304: result: yes
configure:2310: checking whether gcc accepts -g
configure:2331: gcc -c -g  conftest.c >&5
configure:2337: $? = 0
configure:2341: test -z 
			 || test ! -s conftest.err
configure:2344: $? = 0
configure:2347: test -s conftest.o
configure:2350: $? = 0
configure:2361: result: yes
configure:2378: checking for gcc option to accept ANSI C
configure:2448: gcc  -c   conftest.c >&5
configure:2454: $? = 0
configure:2458: test -z 
			 || test ! -s conftest.err
configure:2461: $? = 0
configure:2464: test -s conftest.o
configure:2467: $? = 0
configure:2485: result: none needed
configure:2503: gcc -c   conftest.c >&5
conftest.c:2:3: error: unknown type name 'choke'
    2 |   choke me
      |   ^~~~~
conftest.c:2:3: error: expected '=', ',', ';', 'asm' or '__attribute__' at end of input
configure:2509: $? = 1
configure: failed program was:
| #ifndef __cplusplus
|   choke me
| #endif
configure:2647: checking how to run the C preprocessor
configure:2682: gcc -E  conftest.c
configure:2688: $? = 0
configure:2720: gcc -E  conftest.c
conftest.c:9:10: fatal error: ac_nonexistent.h: No such file or directory
    9 | #include <ac_nonexistent.h>
      |          ^~~~~~~~~~~~~~~~~~
compilation terminated.
configure:2726: $? = 1
configure: failed program was:
| /* confdefs.h.  */
| 
| #define PACKAGE_NAME "exp_test"
| #define PACKAGE_TARNAME "exp_test"
| #define PACKAGE_VERSION "0.43"
| #define PACKAGE_STRING "exp_test 0.43"
| #define PACKAGE_BUGREPORT ""
| /* end confdefs.h.  */
| #include <ac_nonexistent.h>
configure:2765: result: gcc -E
configure:2789: gcc -E  conftest.c
configure:2795: $? = 0
configure:2827: gcc -E  conftest.c
conftest.c:9:10: fatal error: ac_nonexistent.h: No such file or directory
    9 | #include <ac_nonexistent.h>
      |          ^~~~~~~~~~~~~~~~~~
compilation terminated.
configure:2833: $? = 1
configure: failed program was:
| /* confdefs.h.  */
| 
| #define PACKAGE_NAME "exp_test"
| #define PACKAGE_TARNAME "exp_test"
| #define PACKAGE_VERSION "0.43"
| #define PACKAGE_STRING "exp_test 0.43"
| #define PACKAGE_BUGREPORT ""
| /* end confdefs.h.  */
| #include <ac_nonexistent.h>
configure:2890: checking for a BSD-compatible install
configure:2945: result: /usr/bin/install -c
configure:2961: checking whether make sets $(MAKE)
configure:2981: result: yes
configure:3036: checking for ranlib
configure:3052: found /usr/bin/ranlib
configure:3063: result: ranlib
configure:3085: checking for egrep
configure:3095: result: grep -E
configure:3100: checking for ANSI C header files
configure:3125: gcc -c   conftest.c >&5
configure:3131: $? = 0
configure:3135: test -z 
			 || test ! -s conftest.err
configure:3138: $? = 0
configure:3141: test -s conftest.o
configure:3144: $? = 0
configure:3233: gcc -o conftest    conftest.c  >&5
conftest.c: In function 'main':
conftest.c:26:7: warning: implicit declaration of function 'exit' [-Wimplicit-function-declaration]
   26 |       exit(2);
      |       ^~~~
conftest.c:26:7: warning: incompatible implicit declaration of built-in function 'exit'
conftest.c:10:1: note: include '<stdlib.h>' or provide a declaration of 'exit'
    9 | #include <ctype.h>
  +++ |+#include <stdlib.h>
   10 | #if ((' ' & 0x0FF) == 0x020)
conftest.c:27:3: warning: incompatible implicit declaration of built-in function 'exit'
   27 |   exit (0);
      |   ^~~~
conftest.c:27:3: note: include '<stdlib.h>' or provide a declaration of 'exit'
configure:3236: $? = 0
configure:3238: ./conftest
configure:3241: $? = 0
configure:3256: result: yes
configure:3280: checking for sys/types.h
configure:3296: gcc -c   conftest.c >&5
configure:3302: $? = 0
configure:3306: test -z 
			 || test ! -s conftest.err
configure:3309: $? = 0
configure:3312: test -s conftest.o
configure:3315: $? = 0
configure:3326: result: yes
configure:3280: checking for sys/stat.h
configure:3296: gcc -c   conftest.c >&5
configure:3302: $? = 0
configure:3306: test -z 
			 || test ! -s conftest.err
configure:3309: $? = 0
configure:3312: test -s conftest.o
configure:3315: $? = 0
configure:3326: result: yes
configure:3280: checking for stdlib.h
configure:3296: gcc -c   conftest.c >&5
configure:3302: $? = 0
configure:3306: test -z 
			 || test ! -s conftest.err
configure:3309: $? = 0
configure:3312: test -s conftest.o
configure:3315: $? = 0
configure:3326: result: yes
configure:3280: checking for string.h
configure:3296: gcc -c   conftest.c >&5
configure:3302: $? = 0
configure:3306: test -z 
			 || test ! -s conftest.err
configure:3309: $? = 0
configure:3312: test -s conftest.o
configure:3315: $? = 0
configure:3326: result: yes
configure:3280: checking for memory.h
configure:3296: gcc -c   conftest.c >&5
configure:3302: $? = 0
configure:3306: test -z 
			 || test ! -s conftest.err
configure:3309: $? = 0
configure:3312: test -s conftest.o
configure:3315: $? = 0
configure:3326: result: yes
configure:3280: checking for strings.h
configure:3296: gcc -c   conftest.c >&5
configure:3302: $? = 0
configure:3306: test -z 
			 || test ! -s conftest.err
configure:3309: $? = 0
configure:3312: test -s conftest.o
configure:3315: $? = 0
configure:3326: result: yes
configure:3280: checking for inttypes.h
configure:3296: gcc -c   conftest.c >&5
configure:3302: $? = 0
configure:3306: test -z 
			 || test ! -s conftest.err
configure:3309: $? = 0
configure:3312: test -s conftest.o
configure:3315: $? = 0
configure:3326: result: yes
configure:3280: checking for stdint.h
configure:3296: gcc -c   conftest.c >&5
configure:3302: $? = 0
configure:3306: test -z 
			 || test ! -s conftest.err
configure:3309: $? = 0
configure:3312: test -s conftest.o
configure:3315: $? = 0
configure:3326: result: yes
configure:3280: checking for unistd.h
configure:3296: gcc -c   conftest.c >&5
configure:3302: $? = 0
configure:3306: test -z 
			 || test ! -s conftest.err
configure:3309: $? = 0
configure:3312: test -s conftest.o
configure:3315: $? = 0
configure:3326: result: yes
configure:3348: checking if the compiler understands -pipe
configure:3371: gcc -c  -pipe  conftest.c >&5
configure:3377: $? = 0
configure:3381: test -z 
			 || test ! -s conftest.err
configure:3384: $? = 0
configure:3387: test -s conftest.o
configure:3390: $? = 0
configure:3402: result: yes
configure:3413: checking whether byte ordering is bigendian
configure:3440: gcc -c  -pipe  conftest.c >&5
configure:3446: $? = 0
configure:3450: test -z 
			 || test ! -s conftest.err
configure:3453: $? = 0
configure:3456: test -s conftest.o
configure:3459: $? = 0
configure:3483: gcc -c  -pipe  conftest.c >&5
conftest.c: In function 'main':
conftest.c:26:2: error: unknown type name 'not'; did you mean 'ino_t'?
   26 |  not big endian
      |  ^~~
      |  ino_t
conftest.c:26:10: error: expected '=', ',', ';', 'asm' or '__attribute__' before 'endian'
   26 |  not big endian
      |          ^~~~~~
configure:3489: $? = 1
configure: failed program was:
| /* confdefs.h.  */
| 
| #define PACKAGE_NAME "exp_test"
| #define PACKAGE_TARNAME "exp_test"
| #define PACKAGE_VERSION "0.43"
| #define PACKAGE_STRING "exp_test 0.43"
| #define PACKAGE_BUGREPORT ""
| #define STDC_HEADERS 1
| #define HAVE_SYS_TYPES_H 1
| #define HAVE_SYS_STAT_H 1
| #define HAVE_STDLIB_H 1
| #define HAVE_STRING_H 1
| #define HAVE_MEMORY_H 1
| #define HAVE_STRINGS_H 1
| #define HAVE_INTTYPES_H 1
| #define HAVE_STDINT_H 1
| #define HAVE_UNISTD_H 1
| /* end confdefs.h.  */
| #include <sys/types.h>
| #include <sys/param.h>
| 
| int
| main ()
| {
| #if BYTE_ORDER != BIG_ENDIAN
|  not big endian
| #endif
| 
|   ;
|   return 0;
| }
configure:3624: result: no
configure:3652: checking for sin
configure:3709: gcc -o conftest  -pipe   conftest.c  >&5
conftest.c:43:6: warning: conflicting types for built-in function 'sin'; expected 'double(double)' [-Wbuiltin-declaration-mismatch]
   43 | char sin ();
      |      ^~~
conftest.c:30:1: note: 'sin' is declared in header '<math.h>'
   29 | # include <limits.h>
   30 | #else
/usr/bin/ld: /tmp/cc4mPrNg.o: in function `main':
conftest.c:(.text+0x12): undefined reference to `sin'
/usr/bin/ld: /tmp/cc4mPrNg.o:(.data.rel+0x0): undefined reference to `sin'
collect2: error: ld returned 1 exit status
configure:3715: $? = 1
configure: failed program was:
| /* confdefs.h.  */
| 
| #define PACKAGE_NAME "exp_test"
| #define PACKAGE_TARNAME "exp_test"
| #define PACKAGE_VERSION "0.43"
| #define PACKAGE_STRING "exp_test 0.43"
| #define PACKAGE_BUGREPORT ""
| #define STDC_HEADERS 1
| #define HAVE_SYS_TYPES_H 1
| #define HAVE_SYS_STAT_H 1
| #define HAVE_STDLIB_H 1
| #define HAVE_STRING_H 1
| #define HAVE_MEMORY_H 1
| #define HAVE_STRINGS_H 1
| #define HAVE_INTTYPES_H 1
| #define HAVE_STDINT_H 1
| #define HAVE_UNISTD_H 1
| /* end confdefs.h.  */
| /* Define sin to an innocuous variant, in case <limits.h> declares sin.
|    For example, HP-UX 11i <limits.h> declares gettimeofday.  */
| #define sin innocuous_sin
| 
| /* System header to define __stub macros and hopefully few prototypes,
|     which can conflict with char sin (); below.
|     Prefer <limits.h> to <assert.h> if __STDC__ is defined, since
|     <limits.h> exists even on freestanding compilers.  */
| 
| #ifdef __STDC__
| # include <limits.h>
| #else
| # include <assert.h>
| #endif
| 
| #undef sin
| 
| /* Override any gcc2 internal prototype to avoid an error.  */
| #ifdef __cplusplus
| extern "C"
| {
| #endif
| /* We use char because int might match the return type of a gcc2
|    builtin and then its argument prototype would still apply.  */
| char sin ();
| /* The GNU C library defines this for functions which it implements
|     to always fail with ENOSYS.  Some functions are actually named
|     something starting with __ and the normal name is an alias.  */
| #if defined (__stub_sin) || defined (__stub___sin)
| choke me
| #else
| char (*f) () = sin;
| #endif
| #ifdef __cplusplus
| }
| #endif
| 
| int
| main ()
| {
| return f != sin;
|   ;
|   return 0;
| }
configure:3740: result: no
configure:3748: checking for main in -lieee
configure:3772: gcc -o conftest  -pipe   conftest.c -lieee   >&5
/usr/bin/ld: cannot find -lieee
collect2: error: ld returned 1 exit status
configure:3778: $? = 1
configure: failed program was:
| /* confdefs.h.  */
| 
| #define PACKAGE_NAME "exp_test"
| #define PACKAGE_TARNAME "exp_test"
| #define PACKAGE_VERSION "0.43"
| #define PACKAGE_STRING "exp_test 0.43"
| #define PACKAGE_BUGREPORT ""
| #define STDC_HEADERS 1
| #define HAVE_SYS_TYPES_H 1
| #define HAVE_SYS_STAT_H 1
| #define HAVE_STDLIB_H 1
| #define HAVE_STRING_H 1
| #define HAVE_MEMORY_H 1
| #define HAVE_STRINGS_H 1
| #define HAVE_INTTYPES_H 1
| #define HAVE_STDINT_H 1
| #define HAVE_UNISTD_H 1
| /* end confdefs.h.  */
| 
| 
| int
| main ()
| {
| main ();
|   ;
|   return 0;
| }
configure:3804: result: no
configure:3816: checking for main in -linet
configure:3840: gcc -o conftest  -pipe   conftest.c -linet   >&5
/usr/bin/ld: cannot find -linet
collect2: error: ld returned 1 exit status
configure:3846: $? = 1
configure: failed program was:
| /* confdefs.h.  */
| 
| #define PACKAGE_NAME "exp_test"
| #define PACKAGE_TARNAME "exp_test"
| #define PACKAGE_VERSION "0.43"
| #define PACKAGE_STRING "exp_test 0.43"
| #define PACKAGE_BUGREPORT ""
| #define STDC_HEADERS 1
| #define HAVE_SYS_TYPES_H 1
| #define HAVE_SYS_STAT_H 1
| #define HAVE_STDLIB_H 1
| #define HAVE_STRING_H 1
| #define HAVE_MEMORY_H 1
| #define HAVE_STRINGS_H 1
| #define HAVE_INTTYPES_H 1
| #define HAVE_STDINT_H 1
| #define HAVE_UNISTD_H 1
| /* end confdefs.h.  */
| 
| 
| int
| main ()
| {
| main ();
|   ;
|   return 0;
| }
configure:3872: result: no
configure:3888: checking net/errno.h usability
configure:3900: gcc -c  -pipe  conftest.c >&5
conftest.c:53:10: fatal error: net/errno.h: No such file or directory
   53 | #include <net/errno.h>
      |          ^~~~~~~~~~~~~
compilation terminated.
configure:3906: $? = 1
configure: failed program was:
| /* confdefs.h.  */
| 
| #define PACKAGE_NAME "exp_test"
| #define PACKAGE_TARNAME "exp_test"
| #define PACKAGE_VERSION "0.43"
| #define PACKAGE_STRING "exp_test 0.43"
| #define PACKAGE_BUGREPORT ""
| #define STDC_HEADERS 1
| #define HAVE_SYS_TYPES_H 1
| #define HAVE_SYS_STAT_H 1
| #define HAVE_STDLIB_H 1
| #define HAVE_STRING_H 1
| #define HAVE_MEMORY_H 1
| #define HAVE_STRINGS_H 1
| #define HAVE_INTTYPES_H 1
| #define HAVE_STDINT_H 1
| #define HAVE_UNISTD_H 1
| /* end confdefs.h.  */
| #include <stdio.h>
| #if HAVE_SYS_TYPES_H
| # include <sys/types.h>
| #endif
| #if HAVE_SYS_STAT_H
| # include <sys/stat.h>
| #endif
| #if STDC_HEADERS
| # include <stdlib.h>
| # include <stddef.h>
| #else
| # if HAVE_STDLIB_H
| #  include <stdlib.h>
| # endif
| #endif
| #if HAVE_STRING_H
| # if !STDC_HEADERS && HAVE_MEMORY_H
| #  include <memory.h>
| # endif
| # include <string.h>
| #endif
| #if HAVE_STRINGS_H
| # include <strings.h>
| #endif
| #if HAVE_INTTYPES_H
| # include <inttypes.h>
| #else
| # if HAVE_STDINT_H
| #  include <stdint.h>
| # endif
| #endif
| #if HAVE_UNISTD_H
| # include <unistd.h>
| #endif
| #include <net/errno.h>
configure:3929: result: no
configure:3933: checking net/errno.h presence
configure:3943: gcc -E  conftest.c
conftest.c:19:10: fatal error: net/errno.h: No such file or directory
   19 | #include <net/errno.h>
      |          ^~~~~~~~~~~~~
compilation terminated.
configure:3949: $? = 1
configure: failed program was:
| /* confdefs.h.  */
| 
| #define PACKAGE_NAME "exp_test"
| #define PACKAGE_TARNAME "exp_test"
| #define PACKAGE_VERSION "0.43"
| #define PACKAGE_STRING "exp_test 0.43"
| #define PACKAGE_BUGREPORT ""
| #define STDC_HEADERS 1
| #define HAVE_SYS_TYPES_H 1
| #define HAVE_SYS_STAT_H 1
| #define HAVE_STDLIB_H 1
| #define HAVE_STRING_H 1
| #define HAVE_MEMORY_H 1
| #define HAVE_STRINGS_H 1
| #define HAVE_INTTYPES_H 1
| #define HAVE_STDINT_H 1
| #define HAVE_UNISTD_H 1
| /* end confdefs.h.  */
| #include <net/errno.h>
configure:3969: result: no
configure:4004: checking for net/errno.h
configure:4011: result: no
configure:4045: checking for connect
configure:4102: gcc -o conftest  -pipe   conftest.c  >&5
configure:4108: $? = 0
configure:4112: test -z 
			 || test ! -s conftest.err
configure:4115: $? = 0
configure:4118: test -s conftest
configure:4121: $? = 0
configure:4133: result: yes
configure:4408: checking for gethostbyname
configure:4465: gcc -o conftest  -pipe   conftest.c  >&5
configure:4471: $? = 0
configure:4475: test -z 
			 || test ! -s conftest.err
configure:4478: $? = 0
configure:4481: test -s conftest
configure:4484: $? = 0
configure:4496: result: yes
configure:4580: checking dirent.h
configure:4621: gcc -o conftest  -pipe   conftest.c  >&5
configure:4627: $? = 0
configure:4631: test -z 
			 || test ! -s conftest.err
configure:4634: $? = 0
configure:4637: test -s conftest
configure:4640: $? = 0
configure:4652: result: yes
configure:4674: checking errno.h usability
configure:4686: gcc -c  -pipe  conftest.c >&5
configure:4692: $? = 0
configure:4696: test -z 
			 || test ! -s conftest.err
configure:4699: $? = 0
configure:4702: test -s conftest.o
configure:4705: $? = 0
configure:4715: result: yes
configure:4719: checking errno.h presence
configure:4729: gcc -E  conftest.c
configure:4735: $? = 0
configure:4755: result: yes
configure:4790: checking for errno.h
configure:4797: result: yes
configure:4822: checking float.h usability
configure:4834: gcc -c  -pipe  conftest.c >&5
configure:4840: $? = 0
configure:4844: test -z 
			 || test ! -s conftest.err
configure:4847: $? = 0
configure:4850: test -s conftest.o
configure:4853: $? = 0
configure:4863: result: yes
configure:4867: checking float.h presence
configure:4877: gcc -E  conftest.c
configure:4883: $? = 0
configure:4903: result: yes
configure:4938: checking for float.h
configure:4945: result: yes
configure:4970: checking values.h usability
configure:4982: gcc -c  -pipe  conftest.c >&5
configure:4988: $? = 0
configure:4992: test -z 
			 || test ! -s conftest.err
configure:4995: $? = 0
configure:4998: test -s conftest.o
configure:5001: $? = 0
configure:5011: result: yes
configure:5015: checking values.h presence
configure:5025: gcc -E  conftest.c
configure:5031: $? = 0
configure:5051: result: yes
configure:5086: checking for values.h
configure:5093: result: yes
configure:5118: checking limits.h usability
configure:5130: gcc -c  -pipe  conftest.c >&5
configure:5136: $? = 0
configure:5140: test -z 
			 || test ! -s conftest.err
configure:5143: $? = 0
configure:5146: test -s conftest.o
configure:5149: $? = 0
configure:5159: result: yes
configure:5163: checking limits.h presence
configure:5173: gcc -E  conftest.c
configure:5179: $? = 0
configure:5199: result: yes
configure:5234: checking for limits.h
configure:5241: result: yes
configure:5261: checking for stdlib.h
configure:5266: result: yes
configure:5463: checking for string.h
configure:5468: result: yes
configure:5662: checking sys/wait.h usability
configure:5674: gcc -c  -pipe  conftest.c >&5
configure:5680: $? = 0
configure:5684: test -z 
			 || test ! -s conftest.err
configure:5687: $? = 0
configure:5690: test -s conftest.o
configure:5693: $? = 0
configure:5703: result: yes
configure:5707: checking sys/wait.h presence
configure:5717: gcc -E  conftest.c
configure:5723: $? = 0
configure:5743: result: yes
configure:5778: checking for sys/wait.h
configure:5785: result: yes
configure:5810: checking dlfcn.h usability
configure:5822: gcc -c  -pipe  conftest.c >&5
configure:5828: $? = 0
configure:5832: test -z 
			 || test ! -s conftest.err
configure:5835: $? = 0
configure:5838: test -s conftest.o
configure:5841: $? = 0
configure:5851: result: yes
configure:5855: checking dlfcn.h presence
configure:5865: gcc -E  conftest.c
configure:5871: $? = 0
configure:5891: result: yes
configure:5926: checking for dlfcn.h
configure:5933: result: yes
configure:5964: checking sys/param.h usability
configure:5976: gcc -c  -pipe  conftest.c >&5
configure:5982: $? = 0
configure:5986: test -z 
			 || test ! -s conftest.err
configure:5989: $? = 0
configure:5992: test -s conftest.o
configure:5995: $? = 0
configure:6005: result: yes
configure:6009: checking sys/param.h presence
configure:6019: gcc -E  conftest.c
configure:6025: $? = 0
configure:6045: result: yes
configure:6080: checking for sys/param.h
configure:6087: result: yes
configure:6236: creating ./config.status

## ---------------------- ##
## Running config.status. ##
## ---------------------- ##

This file was extended by exp_test config.status 0.43, which was
generated by GNU Autoconf 2.59.  Invocation command line was

  CONFIG_FILES    = 
  CONFIG_HEADERS  = 
  CONFIG_LINKS    = 
  CONFIG_COMMANDS = 
  $ ./config.status 

on WBMt7PDd

config.status:658: creating Makefile

## ---------------- ##
## Cache variables. ##
## ---------------- ##

ac_cv_c_bigendian=no
ac_cv_c_compiler_gnu=yes
ac_cv_c_tclconfig=/usr/local/lib
ac_cv_env_CC_set=
ac_cv_env_CC_value=
ac_cv_env_CFLAGS_set=
ac_cv_env_CFLAGS_value=
ac_cv_env_CPPFLAGS_set=
ac_cv_env_CPPFLAGS_value=
ac_cv_env_CPP_set=
ac_cv_env_CPP_value=
ac_cv_env_LDFLAGS_set=
ac_cv_env_LDFLAGS_value=
ac_cv_env_build_alias_set=
ac_cv_env_build_alias_value=
ac_cv_env_host_alias_set=
ac_cv_env_host_alias_value=
ac_cv_env_target_alias_set=
ac_cv_env_target_alias_value=
ac_cv_exeext=
ac_cv_func_connect=yes
ac_cv_func_gethostbyname=yes
ac_cv_func_sin=no
ac_cv_header_dlfcn_h=yes
ac_cv_header_errno_h=yes
ac_cv_header_float_h=yes
ac_cv_header_inttypes_h=yes
ac_cv_header_limits_h=yes
ac_cv_header_memory_h=yes
ac_cv_header_net_errno_h=no
ac_cv_header_stdc=yes
ac_cv_header_stdint_h=yes
ac_cv_header_stdlib_h=yes
ac_cv_header_string_h=yes
ac_cv_header_strings_h=yes
ac_cv_header_sys_param_h=yes
ac_cv_header_sys_stat_h=yes
ac_cv_header_sys_types_h=yes
ac_cv_header_sys_wait_h=yes
ac_cv_header_unistd_h=yes
ac_cv_header_values_h=yes
ac_cv_lib_ieee_main=no
ac_cv_lib_inet_main=no
ac_cv_objext=o
ac_cv_path_install='/usr/bin/install -c'
ac_cv_prog_CPP='gcc -E'
ac_cv_prog_ac_ct_CC=gcc
ac_cv_prog_ac_ct_RANLIB=ranlib
ac_cv_prog_cc_g=yes
ac_cv_prog_cc_stdc=
ac_cv_prog_egrep='grep -E'
ac_cv_prog_make_make_set=yes
tcl_cv_cc_pipe=yes
tcl_cv_dirent_h=yes

## ----------------- ##
## Output variables. ##
## ----------------- ##

CC='gcc'
CFLAGS=' -pipe'
CLEANFILES=''
CPP='gcc -E'
CPPFLAGS=''
CYGPATH='echo'
DEFS='-DPACKAGE_NAME=\"exp_test\" -DPACKAGE_TARNAME=\"exp_test\" -DPACKAGE_VERSION=\"0.43\" -DPACKAGE_STRING=\"exp_test\ 0.43\" -DPACKAGE_BUGREPORT=\"\" -DSTDC_HEADERS=1 -DHAVE_SYS_TYPES_H=1 -DHAVE_SYS_STAT_H=1 -DHAVE_STDLIB_H=1 -DHAVE_STRING_H=1 -DHAVE_MEMORY_H=1 -DHAVE_STRINGS_H=1 -DHAVE_INTTYPES_H=1 -DHAVE_STDINT_H=1 -DHAVE_UNISTD_H=1 -DHAVE_LIMITS_H=1 -DHAVE_SYS_PARAM_H=1 '
ECHO_C=''
ECHO_N='-n'
ECHO_T=''
EGREP='grep -E'
EXEEXT=''
INSTALL_DATA='${INSTALL} -m 644'
INSTALL_PROGRAM='${INSTALL}'
INSTALL_SCRIPT='${INSTALL}'
LDFLAGS=''
LIBOBJS=''
LIBS=''
LTLIBOBJS=''
MATH_LIBS='-lm'
OBJEXT='o'
PACKAGE_BUGREPORT=''
PACKAGE_NAME='exp_test'
PACKAGE_STRING='exp_test 0.43'
PACKAGE_TARNAME='exp_test'
PACKAGE_VERSION='0.43'
PATH_SEPARATOR=':'
PKG_CFLAGS=''
PKG_HEADERS=''
PKG_INCLUDES=''
PKG_LIBS=''
PKG_LIB_FILE=''
PKG_STUB_LIB_FILE=''
PKG_STUB_OBJECTS=''
PKG_STUB_SOURCES=''
PKG_TCL_SOURCES=''
RANLIB='ranlib'
SET_MAKE=''
SHELL='/bin/bash'
TCL_BIN_DIR='/usr/local/lib'
TCL_DEFS='-DHAVE_LIMITS_H=1 -DHAVE_UNISTD_H=1 -DHAVE_SYS_PARAM_H=1 -DPEEK_XCLOSEIM=1 -D_LARGEFILE64_SOURCE=1 -DTCL_WIDE_INT_IS_LONG=1 -DHAVE_GETCWD=1 -DHAVE_OPENDIR=1 -DHAVE_STRSTR=1 -DHAVE_STRTOL=1 -DHAVE_STRTOLL=1 -DHAVE_STRTOULL=1 -DHAVE_TMPNAM=1 -DHAVE_WAITPID=1 -DUSE_TERMIOS=1 -DHAVE_SYS_TIME_H=1 -DTIME_WITH_SYS_TIME=1 -DHAVE_TM_ZONE=1 -DHAVE_GMTIME_R=1 -DHAVE_LOCALTIME_R=1 -DHAVE_TM_GMTOFF=1 -DHAVE_TIMEZONE_VAR=1 -DHAVE_ST_BLKSIZE=1 -DSTDC_HEADERS=1 -DNO_UNION_WAIT=1 -DHAVE_SIGNED_CHAR=1 -DHAVE_LANGINFO=1 -DHAVE_FTS=1 -DHAVE_SYS_IOCTL_H=1 '
TCL_EXTRA_CFLAGS=' -pipe '
TCL_LD_FLAGS=' -Wl,--export-dynamic'
TCL_LIBS='${DL_LIBS} ${LIBS} ${MATH_LIBS}'
TCL_LIB_FILE='libtcl8.4.so'
TCL_LIB_FLAG='-ltcl8.4'
TCL_LIB_SPEC='-L/usr/local/lib -ltcl8.4'
TCL_PATCH_LEVEL='.19'
TCL_SHLIB_LD_LIBS='${LIBS}'
TCL_SRC_DIR='/root/no_ssh_cluster/expect/tcl8.4.19'
TCL_STUB_LIB_FILE='libtclstub8.4.a'
TCL_STUB_LIB_FLAG='-ltclstub8.4'
TCL_STUB_LIB_SPEC='-L/usr/local/lib -ltclstub8.4'
TCL_VERSION='8.4'
ac_ct_CC='gcc'
ac_ct_RANLIB='ranlib'
bindir='${exec_prefix}/bin'
build_alias=''
datadir='${prefix}/share'
exec_prefix='/usr/local'
host=''
host_alias=''
includedir='${prefix}/include'
infodir='${prefix}/info'
libdir='${exec_prefix}/lib'
libexecdir='${exec_prefix}/libexec'
localstatedir='${prefix}/var'
mandir='${prefix}/man'
oldincludedir='/usr/include'
prefix='/usr/local'
program_transform_name='s,x,x,'
sbindir='${exec_prefix}/sbin'
sharedstatedir='${prefix}/com'
sysconfdir='${prefix}/etc'
target_alias=''

## ----------- ##
## confdefs.h. ##
## ----------- ##

#define HAVE_INTTYPES_H 1
#define HAVE_LIMITS_H 1
#define HAVE_MEMORY_H 1
#define HAVE_STDINT_H 1
#define HAVE_STDLIB_H 1
#define HAVE_STRINGS_H 1
#define HAVE_STRING_H 1
#define HAVE_SYS_PARAM_H 1
#define HAVE_SYS_STAT_H 1
#define HAVE_SYS_TYPES_H 1
#define HAVE_UNISTD_H 1
#define PACKAGE_BUGREPORT ""
#define PACKAGE_NAME "exp_test"
#define PACKAGE_STRING "exp_test 0.43"
#define PACKAGE_TARNAME "exp_test"
#define PACKAGE_VERSION "0.43"
#define STDC_HEADERS 1

configure: exit 0
